{"C:\\Users\\Gabor_LAPTOP\\Desktop\\Mentes\\Kovacs_Gabor_Szakdolgozat\\IdCard-app\\app.config.js": {"path":"C:\\Users\\Gabor_LAPTOP\\Desktop\\Mentes\\Kovacs_Gabor_Szakdolgozat\\IdCard-app\\app.config.js","statementMap":{"0":{"start":{"line":1,"column":0},"end":{"line":33,"column":2}}},"fnMap":{},"branchMap":{},"s":{"0":0},"f":{},"b":{}}
,"C:\\Users\\Gabor_LAPTOP\\Desktop\\Mentes\\Kovacs_Gabor_Szakdolgozat\\IdCard-app\\jest.config.js": {"path":"C:\\Users\\Gabor_LAPTOP\\Desktop\\Mentes\\Kovacs_Gabor_Szakdolgozat\\IdCard-app\\jest.config.js","statementMap":{"0":{"start":{"line":1,"column":0},"end":{"line":30,"column":4}}},"fnMap":{},"branchMap":{},"s":{"0":0},"f":{},"b":{}}
,"C:\\Users\\Gabor_LAPTOP\\Desktop\\Mentes\\Kovacs_Gabor_Szakdolgozat\\IdCard-app\\.expo\\types\\router.d.ts": {"path":"C:\\Users\\Gabor_LAPTOP\\Desktop\\Mentes\\Kovacs_Gabor_Szakdolgozat\\IdCard-app\\.expo\\types\\router.d.ts","statementMap":{},"fnMap":{},"branchMap":{},"s":{},"f":{},"b":{}}
,"C:\\Users\\Gabor_LAPTOP\\Desktop\\Mentes\\Kovacs_Gabor_Szakdolgozat\\IdCard-app\\app\\_layout.tsx": {"path":"C:\\Users\\Gabor_LAPTOP\\Desktop\\Mentes\\Kovacs_Gabor_Szakdolgozat\\IdCard-app\\app\\_layout.tsx","statementMap":{"0":{"start":{"line":18,"column":12},"end":{"line":18,"column":38}},"1":{"start":{"line":19,"column":14},"end":{"line":19,"column":42}},"2":{"start":{"line":20,"column":18},"end":{"line":20,"column":46}},"3":{"start":{"line":23,"column":22},"end":{"line":38,"column":1}},"4":{"start":{"line":29,"column":4},"end":{"line":29,"column":33}},"5":{"start":{"line":30,"column":4},"end":{"line":30,"column":49}},"6":{"start":{"line":30,"column":17},"end":{"line":30,"column":48}},"7":{"start":{"line":35,"column":4},"end":{"line":35,"column":34}},"8":{"start":{"line":36,"column":4},"end":{"line":36,"column":51}},"9":{"start":{"line":36,"column":39},"end":{"line":36,"column":49}},"10":{"start":{"line":43,"column":2},"end":{"line":43,"column":38}},"11":{"start":{"line":48,"column":2},"end":{"line":66,"column":4}},"12":{"start":{"line":71,"column":2},"end":{"line":98,"column":4}},"13":{"start":{"line":73,"column":37},"end":{"line":85,"column":7}},"14":{"start":{"line":76,"column":10},"end":{"line":80,"column":11}},"15":{"start":{"line":77,"column":12},"end":{"line":77,"column":61}},"16":{"start":{"line":78,"column":17},"end":{"line":80,"column":11}},"17":{"start":{"line":79,"column":12},"end":{"line":79,"column":69}},"18":{"start":{"line":81,"column":10},"end":{"line":81,"column":72}},"19":{"start":{"line":103,"column":2},"end":{"line":137,"column":4}},"20":{"start":{"line":105,"column":37},"end":{"line":119,"column":7}},"21":{"start":{"line":108,"column":10},"end":{"line":114,"column":11}},"22":{"start":{"line":109,"column":12},"end":{"line":109,"column":63}},"23":{"start":{"line":110,"column":17},"end":{"line":114,"column":11}},"24":{"start":{"line":111,"column":12},"end":{"line":111,"column":75}},"25":{"start":{"line":112,"column":17},"end":{"line":114,"column":11}},"26":{"start":{"line":113,"column":12},"end":{"line":113,"column":61}},"27":{"start":{"line":115,"column":10},"end":{"line":115,"column":72}},"28":{"start":{"line":142,"column":48},"end":{"line":142,"column":63}},"29":{"start":{"line":143,"column":36},"end":{"line":143,"column":50}},"30":{"start":{"line":145,"column":31},"end":{"line":145,"column":53}},"31":{"start":{"line":146,"column":27},"end":{"line":146,"column":49}},"32":{"start":{"line":149,"column":2},"end":{"line":200,"column":9}},"33":{"start":{"line":150,"column":32},"end":{"line":166,"column":5}},"34":{"start":{"line":151,"column":6},"end":{"line":165,"column":7}},"35":{"start":{"line":152,"column":22},"end":{"line":152,"column":57}},"36":{"start":{"line":153,"column":27},"end":{"line":153,"column":34}},"37":{"start":{"line":154,"column":8},"end":{"line":154,"column":39}},"38":{"start":{"line":155,"column":8},"end":{"line":155,"column":49}},"39":{"start":{"line":158,"column":8},"end":{"line":160,"column":9}},"40":{"start":{"line":159,"column":10},"end":{"line":159,"column":52}},"41":{"start":{"line":162,"column":8},"end":{"line":162,"column":63}},"42":{"start":{"line":164,"column":8},"end":{"line":164,"column":28}},"43":{"start":{"line":168,"column":4},"end":{"line":168,"column":26}},"44":{"start":{"line":171,"column":4},"end":{"line":173,"column":7}},"45":{"start":{"line":172,"column":6},"end":{"line":172,"column":58}},"46":{"start":{"line":176,"column":4},"end":{"line":183,"column":7}},"47":{"start":{"line":177,"column":6},"end":{"line":177,"column":54}},"48":{"start":{"line":180,"column":6},"end":{"line":182,"column":7}},"49":{"start":{"line":181,"column":8},"end":{"line":181,"column":66}},"50":{"start":{"line":186,"column":24},"end":{"line":188,"column":6}},"51":{"start":{"line":187,"column":6},"end":{"line":187,"column":58}},"52":{"start":{"line":190,"column":4},"end":{"line":199,"column":6}},"53":{"start":{"line":192,"column":6},"end":{"line":193,"column":83}},"54":{"start":{"line":193,"column":8},"end":{"line":193,"column":83}},"55":{"start":{"line":195,"column":6},"end":{"line":196,"column":79}},"56":{"start":{"line":196,"column":8},"end":{"line":196,"column":79}},"57":{"start":{"line":198,"column":6},"end":{"line":198,"column":20}},"58":{"start":{"line":202,"column":2},"end":{"line":208,"column":3}},"59":{"start":{"line":203,"column":4},"end":{"line":207,"column":6}},"60":{"start":{"line":211,"column":2},"end":{"line":225,"column":4}}},"fnMap":{"0":{"name":"(anonymous_0)","decl":{"start":{"line":28,"column":2},"end":{"line":28,"column":3}},"loc":{"start":{"line":28,"column":36},"end":{"line":31,"column":3}},"line":28},"1":{"name":"(anonymous_1)","decl":{"start":{"line":30,"column":11},"end":{"line":30,"column":12}},"loc":{"start":{"line":30,"column":17},"end":{"line":30,"column":48}},"line":30},"2":{"name":"(anonymous_2)","decl":{"start":{"line":34,"column":2},"end":{"line":34,"column":3}},"loc":{"start":{"line":34,"column":32},"end":{"line":37,"column":3}},"line":34},"3":{"name":"(anonymous_3)","decl":{"start":{"line":36,"column":27},"end":{"line":36,"column":28}},"loc":{"start":{"line":36,"column":39},"end":{"line":36,"column":49}},"line":36},"4":{"name":"setAuthenticated","decl":{"start":{"line":42,"column":16},"end":{"line":42,"column":32}},"loc":{"start":{"line":42,"column":49},"end":{"line":44,"column":1}},"line":42},"5":{"name":"AuthNavigator","decl":{"start":{"line":47,"column":9},"end":{"line":47,"column":22}},"loc":{"start":{"line":47,"column":25},"end":{"line":67,"column":1}},"line":47},"6":{"name":"AuthTabs","decl":{"start":{"line":70,"column":9},"end":{"line":70,"column":17}},"loc":{"start":{"line":70,"column":20},"end":{"line":99,"column":1}},"line":70},"7":{"name":"(anonymous_7)","decl":{"start":{"line":73,"column":21},"end":{"line":73,"column":22}},"loc":{"start":{"line":73,"column":37},"end":{"line":85,"column":7}},"line":73},"8":{"name":"(anonymous_8)","decl":{"start":{"line":74,"column":20},"end":{"line":74,"column":21}},"loc":{"start":{"line":74,"column":50},"end":{"line":82,"column":9}},"line":74},"9":{"name":"AppTabs","decl":{"start":{"line":102,"column":9},"end":{"line":102,"column":16}},"loc":{"start":{"line":102,"column":19},"end":{"line":138,"column":1}},"line":102},"10":{"name":"(anonymous_10)","decl":{"start":{"line":105,"column":21},"end":{"line":105,"column":22}},"loc":{"start":{"line":105,"column":37},"end":{"line":119,"column":7}},"line":105},"11":{"name":"(anonymous_11)","decl":{"start":{"line":106,"column":20},"end":{"line":106,"column":21}},"loc":{"start":{"line":106,"column":50},"end":{"line":116,"column":9}},"line":106},"12":{"name":"RootLayout","decl":{"start":{"line":141,"column":24},"end":{"line":141,"column":34}},"loc":{"start":{"line":141,"column":37},"end":{"line":226,"column":1}},"line":141},"13":{"name":"(anonymous_13)","decl":{"start":{"line":149,"column":12},"end":{"line":149,"column":13}},"loc":{"start":{"line":149,"column":18},"end":{"line":200,"column":3}},"line":149},"14":{"name":"(anonymous_14)","decl":{"start":{"line":150,"column":32},"end":{"line":150,"column":33}},"loc":{"start":{"line":150,"column":44},"end":{"line":166,"column":5}},"line":150},"15":{"name":"(anonymous_15)","decl":{"start":{"line":171,"column":81},"end":{"line":171,"column":82}},"loc":{"start":{"line":171,"column":97},"end":{"line":173,"column":5}},"line":171},"16":{"name":"(anonymous_16)","decl":{"start":{"line":176,"column":85},"end":{"line":176,"column":86}},"loc":{"start":{"line":176,"column":97},"end":{"line":183,"column":5}},"line":176},"17":{"name":"(anonymous_17)","decl":{"start":{"line":186,"column":52},"end":{"line":186,"column":53}},"loc":{"start":{"line":186,"column":58},"end":{"line":188,"column":5}},"line":186},"18":{"name":"(anonymous_18)","decl":{"start":{"line":190,"column":11},"end":{"line":190,"column":12}},"loc":{"start":{"line":190,"column":17},"end":{"line":199,"column":5}},"line":190}},"branchMap":{"0":{"loc":{"start":{"line":76,"column":10},"end":{"line":80,"column":11}},"type":"if","locations":[{"start":{"line":76,"column":10},"end":{"line":80,"column":11}},{"start":{"line":78,"column":17},"end":{"line":80,"column":11}}],"line":76},"1":{"loc":{"start":{"line":77,"column":23},"end":{"line":77,"column":60}},"type":"cond-expr","locations":[{"start":{"line":77,"column":33},"end":{"line":77,"column":41}},{"start":{"line":77,"column":44},"end":{"line":77,"column":60}}],"line":77},"2":{"loc":{"start":{"line":78,"column":17},"end":{"line":80,"column":11}},"type":"if","locations":[{"start":{"line":78,"column":17},"end":{"line":80,"column":11}},{"start":{},"end":{}}],"line":78},"3":{"loc":{"start":{"line":79,"column":23},"end":{"line":79,"column":68}},"type":"cond-expr","locations":[{"start":{"line":79,"column":33},"end":{"line":79,"column":45}},{"start":{"line":79,"column":48},"end":{"line":79,"column":68}}],"line":79},"4":{"loc":{"start":{"line":108,"column":10},"end":{"line":114,"column":11}},"type":"if","locations":[{"start":{"line":108,"column":10},"end":{"line":114,"column":11}},{"start":{"line":110,"column":17},"end":{"line":114,"column":11}}],"line":108},"5":{"loc":{"start":{"line":109,"column":23},"end":{"line":109,"column":62}},"type":"cond-expr","locations":[{"start":{"line":109,"column":33},"end":{"line":109,"column":42}},{"start":{"line":109,"column":45},"end":{"line":109,"column":62}}],"line":109},"6":{"loc":{"start":{"line":110,"column":17},"end":{"line":114,"column":11}},"type":"if","locations":[{"start":{"line":110,"column":17},"end":{"line":114,"column":11}},{"start":{"line":112,"column":17},"end":{"line":114,"column":11}}],"line":110},"7":{"loc":{"start":{"line":111,"column":23},"end":{"line":111,"column":74}},"type":"cond-expr","locations":[{"start":{"line":111,"column":33},"end":{"line":111,"column":48}},{"start":{"line":111,"column":51},"end":{"line":111,"column":74}}],"line":111},"8":{"loc":{"start":{"line":112,"column":17},"end":{"line":114,"column":11}},"type":"if","locations":[{"start":{"line":112,"column":17},"end":{"line":114,"column":11}},{"start":{},"end":{}}],"line":112},"9":{"loc":{"start":{"line":113,"column":23},"end":{"line":113,"column":60}},"type":"cond-expr","locations":[{"start":{"line":113,"column":33},"end":{"line":113,"column":41}},{"start":{"line":113,"column":44},"end":{"line":113,"column":60}}],"line":113},"10":{"loc":{"start":{"line":158,"column":8},"end":{"line":160,"column":9}},"type":"if","locations":[{"start":{"line":158,"column":8},"end":{"line":160,"column":9}},{"start":{},"end":{}}],"line":158},"11":{"loc":{"start":{"line":180,"column":6},"end":{"line":182,"column":7}},"type":"if","locations":[{"start":{"line":180,"column":6},"end":{"line":182,"column":7}},{"start":{},"end":{}}],"line":180},"12":{"loc":{"start":{"line":192,"column":6},"end":{"line":193,"column":83}},"type":"if","locations":[{"start":{"line":192,"column":6},"end":{"line":193,"column":83}},{"start":{},"end":{}}],"line":192},"13":{"loc":{"start":{"line":195,"column":6},"end":{"line":196,"column":79}},"type":"if","locations":[{"start":{"line":195,"column":6},"end":{"line":196,"column":79}},{"start":{},"end":{}}],"line":195},"14":{"loc":{"start":{"line":202,"column":2},"end":{"line":208,"column":3}},"type":"if","locations":[{"start":{"line":202,"column":2},"end":{"line":208,"column":3}},{"start":{},"end":{}}],"line":202},"15":{"loc":{"start":{"line":213,"column":7},"end":{"line":223,"column":7}},"type":"cond-expr","locations":[{"start":{"line":215,"column":8},"end":{"line":219,"column":11}},{"start":{"line":222,"column":8},"end":{"line":222,"column":62}}],"line":213}},"s":{"0":0,"1":0,"2":0,"3":0,"4":0,"5":0,"6":0,"7":0,"8":0,"9":0,"10":0,"11":0,"12":0,"13":0,"14":0,"15":0,"16":0,"17":0,"18":0,"19":0,"20":0,"21":0,"22":0,"23":0,"24":0,"25":0,"26":0,"27":0,"28":0,"29":0,"30":0,"31":0,"32":0,"33":0,"34":0,"35":0,"36":0,"37":0,"38":0,"39":0,"40":0,"41":0,"42":0,"43":0,"44":0,"45":0,"46":0,"47":0,"48":0,"49":0,"50":0,"51":0,"52":0,"53":0,"54":0,"55":0,"56":0,"57":0,"58":0,"59":0,"60":0},"f":{"0":0,"1":0,"2":0,"3":0,"4":0,"5":0,"6":0,"7":0,"8":0,"9":0,"10":0,"11":0,"12":0,"13":0,"14":0,"15":0,"16":0,"17":0,"18":0},"b":{"0":[0,0],"1":[0,0],"2":[0,0],"3":[0,0],"4":[0,0],"5":[0,0],"6":[0,0],"7":[0,0],"8":[0,0],"9":[0,0],"10":[0,0],"11":[0,0],"12":[0,0],"13":[0,0],"14":[0,0],"15":[0,0]}}
,"C:\\Users\\Gabor_LAPTOP\\Desktop\\Mentes\\Kovacs_Gabor_Szakdolgozat\\IdCard-app\\app\\index.tsx": {"path":"C:\\Users\\Gabor_LAPTOP\\Desktop\\Mentes\\Kovacs_Gabor_Szakdolgozat\\IdCard-app\\app\\index.tsx","statementMap":{"0":{"start":{"line":5,"column":2},"end":{"line":9,"column":4}},"1":{"start":{"line":12,"column":15},"end":{"line":23,"column":2}}},"fnMap":{"0":{"name":"HomeScreen","decl":{"start":{"line":4,"column":24},"end":{"line":4,"column":34}},"loc":{"start":{"line":4,"column":37},"end":{"line":10,"column":1}},"line":4}},"branchMap":{},"s":{"0":0,"1":0},"f":{"0":0},"b":{}}
,"C:\\Users\\Gabor_LAPTOP\\Desktop\\Mentes\\Kovacs_Gabor_Szakdolgozat\\IdCard-app\\app\\types.ts": {"path":"C:\\Users\\Gabor_LAPTOP\\Desktop\\Mentes\\Kovacs_Gabor_Szakdolgozat\\IdCard-app\\app\\types.ts","statementMap":{},"fnMap":{},"branchMap":{},"s":{},"f":{},"b":{}}
,"C:\\Users\\Gabor_LAPTOP\\Desktop\\Mentes\\Kovacs_Gabor_Szakdolgozat\\IdCard-app\\app\\components\\ImageCropOverlay.tsx": {"path":"C:\\Users\\Gabor_LAPTOP\\Desktop\\Mentes\\Kovacs_Gabor_Szakdolgozat\\IdCard-app\\app\\components\\ImageCropOverlay.tsx","statementMap":{"0":{"start":{"line":26,"column":58},"end":{"line":412,"column":1}},"1":{"start":{"line":40,"column":36},"end":{"line":45,"column":6}},"2":{"start":{"line":48,"column":26},"end":{"line":48,"column":64}},"3":{"start":{"line":53,"column":36},"end":{"line":55,"column":5}},"4":{"start":{"line":54,"column":8},"end":{"line":54,"column":48}},"5":{"start":{"line":58,"column":38},"end":{"line":63,"column":5}},"6":{"start":{"line":59,"column":8},"end":{"line":62,"column":9}},"7":{"start":{"line":60,"column":12},"end":{"line":60,"column":38}},"8":{"start":{"line":61,"column":12},"end":{"line":61,"column":41}},"9":{"start":{"line":66,"column":29},"end":{"line":85,"column":13}},"10":{"start":{"line":68,"column":48},"end":{"line":68,"column":52}},"11":{"start":{"line":69,"column":47},"end":{"line":69,"column":51}},"12":{"start":{"line":72,"column":16},"end":{"line":72,"column":51}},"13":{"start":{"line":72,"column":44},"end":{"line":72,"column":51}},"14":{"start":{"line":74,"column":35},"end":{"line":74,"column":47}},"15":{"start":{"line":75,"column":64},"end":{"line":75,"column":85}},"16":{"start":{"line":78,"column":29},"end":{"line":78,"column":87}},"17":{"start":{"line":79,"column":29},"end":{"line":79,"column":89}},"18":{"start":{"line":81,"column":16},"end":{"line":81,"column":69}},"19":{"start":{"line":81,"column":37},"end":{"line":81,"column":66}},"20":{"start":{"line":88,"column":32},"end":{"line":165,"column":13}},"21":{"start":{"line":90,"column":48},"end":{"line":90,"column":52}},"22":{"start":{"line":91,"column":47},"end":{"line":91,"column":51}},"23":{"start":{"line":94,"column":16},"end":{"line":94,"column":51}},"24":{"start":{"line":94,"column":44},"end":{"line":94,"column":51}},"25":{"start":{"line":96,"column":35},"end":{"line":96,"column":47}},"26":{"start":{"line":97,"column":89},"end":{"line":97,"column":110}},"27":{"start":{"line":100,"column":32},"end":{"line":100,"column":62}},"28":{"start":{"line":101,"column":32},"end":{"line":101,"column":64}},"29":{"start":{"line":103,"column":27},"end":{"line":103,"column":70}},"30":{"start":{"line":104,"column":27},"end":{"line":104,"column":70}},"31":{"start":{"line":105,"column":31},"end":{"line":105,"column":57}},"32":{"start":{"line":106,"column":32},"end":{"line":106,"column":59}},"33":{"start":{"line":109,"column":16},"end":{"line":159,"column":17}},"34":{"start":{"line":110,"column":40},"end":{"line":110,"column":66}},"35":{"start":{"line":112,"column":20},"end":{"line":151,"column":21}},"36":{"start":{"line":113,"column":25},"end":{"line":113,"column":60}},"37":{"start":{"line":115,"column":25},"end":{"line":121,"column":26}},"38":{"start":{"line":116,"column":29},"end":{"line":116,"column":62}},"39":{"start":{"line":117,"column":29},"end":{"line":117,"column":64}},"40":{"start":{"line":118,"column":29},"end":{"line":118,"column":38}},"41":{"start":{"line":120,"column":28},"end":{"line":120,"column":68}},"42":{"start":{"line":123,"column":25},"end":{"line":130,"column":26}},"43":{"start":{"line":124,"column":28},"end":{"line":124,"column":59}},"44":{"start":{"line":125,"column":28},"end":{"line":125,"column":63}},"45":{"start":{"line":126,"column":28},"end":{"line":126,"column":37}},"46":{"start":{"line":127,"column":28},"end":{"line":127,"column":68}},"47":{"start":{"line":129,"column":28},"end":{"line":129,"column":66}},"48":{"start":{"line":133,"column":24},"end":{"line":133,"column":59}},"49":{"start":{"line":135,"column":25},"end":{"line":141,"column":26}},"50":{"start":{"line":136,"column":28},"end":{"line":136,"column":59}},"51":{"start":{"line":137,"column":28},"end":{"line":137,"column":63}},"52":{"start":{"line":138,"column":28},"end":{"line":138,"column":37}},"53":{"start":{"line":140,"column":28},"end":{"line":140,"column":66}},"54":{"start":{"line":143,"column":25},"end":{"line":150,"column":26}},"55":{"start":{"line":144,"column":28},"end":{"line":144,"column":61}},"56":{"start":{"line":145,"column":28},"end":{"line":145,"column":63}},"57":{"start":{"line":146,"column":28},"end":{"line":146,"column":37}},"58":{"start":{"line":147,"column":28},"end":{"line":147,"column":66}},"59":{"start":{"line":149,"column":28},"end":{"line":149,"column":68}},"60":{"start":{"line":154,"column":20},"end":{"line":154,"column":60}},"61":{"start":{"line":155,"column":20},"end":{"line":155,"column":63}},"62":{"start":{"line":157,"column":20},"end":{"line":157,"column":58}},"63":{"start":{"line":158,"column":20},"end":{"line":158,"column":60}},"64":{"start":{"line":161,"column":16},"end":{"line":161,"column":86}},"65":{"start":{"line":168,"column":33},"end":{"line":226,"column":13}},"66":{"start":{"line":170,"column":48},"end":{"line":170,"column":52}},"67":{"start":{"line":171,"column":47},"end":{"line":171,"column":51}},"68":{"start":{"line":174,"column":16},"end":{"line":174,"column":51}},"69":{"start":{"line":174,"column":44},"end":{"line":174,"column":51}},"70":{"start":{"line":175,"column":35},"end":{"line":175,"column":47}},"71":{"start":{"line":176,"column":90},"end":{"line":176,"column":111}},"72":{"start":{"line":179,"column":33},"end":{"line":179,"column":65}},"73":{"start":{"line":180,"column":37},"end":{"line":180,"column":60}},"74":{"start":{"line":182,"column":27},"end":{"line":182,"column":70}},"75":{"start":{"line":183,"column":32},"end":{"line":183,"column":90}},"76":{"start":{"line":184,"column":33},"end":{"line":184,"column":60}},"77":{"start":{"line":186,"column":16},"end":{"line":220,"column":17}},"78":{"start":{"line":187,"column":40},"end":{"line":187,"column":66}},"79":{"start":{"line":188,"column":20},"end":{"line":216,"column":21}},"80":{"start":{"line":189,"column":24},"end":{"line":189,"column":59}},"81":{"start":{"line":190,"column":24},"end":{"line":196,"column":25}},"82":{"start":{"line":191,"column":28},"end":{"line":191,"column":61}},"83":{"start":{"line":192,"column":28},"end":{"line":192,"column":63}},"84":{"start":{"line":193,"column":28},"end":{"line":193,"column":37}},"85":{"start":{"line":195,"column":27},"end":{"line":195,"column":67}},"86":{"start":{"line":197,"column":24},"end":{"line":201,"column":25}},"87":{"start":{"line":198,"column":27},"end":{"line":198,"column":62}},"88":{"start":{"line":199,"column":27},"end":{"line":199,"column":62}},"89":{"start":{"line":200,"column":27},"end":{"line":200,"column":67}},"90":{"start":{"line":203,"column":24},"end":{"line":203,"column":67}},"91":{"start":{"line":204,"column":24},"end":{"line":204,"column":59}},"92":{"start":{"line":205,"column":25},"end":{"line":208,"column":26}},"93":{"start":{"line":206,"column":28},"end":{"line":206,"column":63}},"94":{"start":{"line":207,"column":28},"end":{"line":207,"column":63}},"95":{"start":{"line":209,"column":25},"end":{"line":215,"column":26}},"96":{"start":{"line":210,"column":28},"end":{"line":210,"column":61}},"97":{"start":{"line":211,"column":28},"end":{"line":211,"column":63}},"98":{"start":{"line":212,"column":28},"end":{"line":212,"column":37}},"99":{"start":{"line":214,"column":28},"end":{"line":214,"column":68}},"100":{"start":{"line":217,"column":20},"end":{"line":217,"column":60}},"101":{"start":{"line":218,"column":20},"end":{"line":218,"column":63}},"102":{"start":{"line":219,"column":20},"end":{"line":219,"column":60}},"103":{"start":{"line":222,"column":17},"end":{"line":222,"column":97}},"104":{"start":{"line":222,"column":38},"end":{"line":222,"column":94}},"105":{"start":{"line":229,"column":35},"end":{"line":287,"column":13}},"106":{"start":{"line":231,"column":48},"end":{"line":231,"column":52}},"107":{"start":{"line":232,"column":47},"end":{"line":232,"column":51}},"108":{"start":{"line":235,"column":16},"end":{"line":235,"column":51}},"109":{"start":{"line":235,"column":44},"end":{"line":235,"column":51}},"110":{"start":{"line":236,"column":35},"end":{"line":236,"column":47}},"111":{"start":{"line":237,"column":90},"end":{"line":237,"column":111}},"112":{"start":{"line":240,"column":33},"end":{"line":240,"column":63}},"113":{"start":{"line":241,"column":38},"end":{"line":241,"column":62}},"114":{"start":{"line":243,"column":27},"end":{"line":243,"column":70}},"115":{"start":{"line":244,"column":32},"end":{"line":244,"column":58}},"116":{"start":{"line":245,"column":33},"end":{"line":245,"column":94}},"117":{"start":{"line":247,"column":17},"end":{"line":280,"column":18}},"118":{"start":{"line":248,"column":40},"end":{"line":248,"column":66}},"119":{"start":{"line":249,"column":21},"end":{"line":276,"column":21}},"120":{"start":{"line":250,"column":24},"end":{"line":250,"column":59}},"121":{"start":{"line":251,"column":24},"end":{"line":254,"column":25}},"122":{"start":{"line":252,"column":28},"end":{"line":252,"column":65}},"123":{"start":{"line":253,"column":28},"end":{"line":253,"column":63}},"124":{"start":{"line":255,"column":24},"end":{"line":261,"column":25}},"125":{"start":{"line":256,"column":28},"end":{"line":256,"column":59}},"126":{"start":{"line":257,"column":28},"end":{"line":257,"column":63}},"127":{"start":{"line":258,"column":28},"end":{"line":258,"column":37}},"128":{"start":{"line":260,"column":27},"end":{"line":260,"column":65}},"129":{"start":{"line":263,"column":24},"end":{"line":263,"column":59}},"130":{"start":{"line":264,"column":24},"end":{"line":270,"column":25}},"131":{"start":{"line":265,"column":27},"end":{"line":265,"column":58}},"132":{"start":{"line":266,"column":27},"end":{"line":266,"column":62}},"133":{"start":{"line":267,"column":27},"end":{"line":267,"column":36}},"134":{"start":{"line":269,"column":27},"end":{"line":269,"column":65}},"135":{"start":{"line":271,"column":25},"end":{"line":275,"column":25}},"136":{"start":{"line":272,"column":27},"end":{"line":272,"column":64}},"137":{"start":{"line":273,"column":27},"end":{"line":273,"column":62}},"138":{"start":{"line":274,"column":27},"end":{"line":274,"column":65}},"139":{"start":{"line":277,"column":21},"end":{"line":277,"column":61}},"140":{"start":{"line":278,"column":21},"end":{"line":278,"column":64}},"141":{"start":{"line":279,"column":21},"end":{"line":279,"column":59}},"142":{"start":{"line":283,"column":17},"end":{"line":283,"column":97}},"143":{"start":{"line":283,"column":38},"end":{"line":283,"column":94}},"144":{"start":{"line":290,"column":36},"end":{"line":338,"column":13}},"145":{"start":{"line":292,"column":48},"end":{"line":292,"column":52}},"146":{"start":{"line":293,"column":47},"end":{"line":293,"column":51}},"147":{"start":{"line":296,"column":16},"end":{"line":296,"column":51}},"148":{"start":{"line":296,"column":44},"end":{"line":296,"column":51}},"149":{"start":{"line":298,"column":35},"end":{"line":298,"column":47}},"150":{"start":{"line":299,"column":89},"end":{"line":299,"column":110}},"151":{"start":{"line":302,"column":37},"end":{"line":302,"column":60}},"152":{"start":{"line":303,"column":38},"end":{"line":303,"column":62}},"153":{"start":{"line":305,"column":31},"end":{"line":305,"column":89}},"154":{"start":{"line":306,"column":32},"end":{"line":306,"column":93}},"155":{"start":{"line":309,"column":16},"end":{"line":332,"column":17}},"156":{"start":{"line":310,"column":40},"end":{"line":310,"column":66}},"157":{"start":{"line":312,"column":20},"end":{"line":328,"column":21}},"158":{"start":{"line":313,"column":25},"end":{"line":313,"column":60}},"159":{"start":{"line":315,"column":25},"end":{"line":318,"column":26}},"160":{"start":{"line":316,"column":28},"end":{"line":316,"column":65}},"161":{"start":{"line":317,"column":28},"end":{"line":317,"column":63}},"162":{"start":{"line":321,"column":24},"end":{"line":321,"column":59}},"163":{"start":{"line":323,"column":25},"end":{"line":326,"column":26}},"164":{"start":{"line":324,"column":28},"end":{"line":324,"column":63}},"165":{"start":{"line":325,"column":28},"end":{"line":325,"column":63}},"166":{"start":{"line":330,"column":20},"end":{"line":330,"column":60}},"167":{"start":{"line":331,"column":20},"end":{"line":331,"column":63}},"168":{"start":{"line":334,"column":16},"end":{"line":334,"column":87}},"169":{"start":{"line":334,"column":37},"end":{"line":334,"column":84}},"170":{"start":{"line":344,"column":4},"end":{"line":351,"column":63}},"171":{"start":{"line":345,"column":8},"end":{"line":350,"column":11}},"172":{"start":{"line":354,"column":4},"end":{"line":411,"column":6}},"173":{"start":{"line":414,"column":15},"end":{"line":467,"column":2}}},"fnMap":{"0":{"name":"(anonymous_0)","decl":{"start":{"line":26,"column":58},"end":{"line":26,"column":59}},"loc":{"start":{"line":38,"column":6},"end":{"line":412,"column":1}},"line":38},"1":{"name":"(anonymous_1)","decl":{"start":{"line":53,"column":36},"end":{"line":53,"column":37}},"loc":{"start":{"line":53,"column":110},"end":{"line":55,"column":5}},"line":53},"2":{"name":"(anonymous_2)","decl":{"start":{"line":58,"column":38},"end":{"line":58,"column":39}},"loc":{"start":{"line":58,"column":112},"end":{"line":63,"column":5}},"line":58},"3":{"name":"(anonymous_3)","decl":{"start":{"line":68,"column":42},"end":{"line":68,"column":43}},"loc":{"start":{"line":68,"column":48},"end":{"line":68,"column":52}},"line":68},"4":{"name":"(anonymous_4)","decl":{"start":{"line":69,"column":41},"end":{"line":69,"column":42}},"loc":{"start":{"line":69,"column":47},"end":{"line":69,"column":51}},"line":69},"5":{"name":"(anonymous_5)","decl":{"start":{"line":71,"column":32},"end":{"line":71,"column":33}},"loc":{"start":{"line":71,"column":57},"end":{"line":82,"column":13}},"line":71},"6":{"name":"(anonymous_6)","decl":{"start":{"line":81,"column":28},"end":{"line":81,"column":29}},"loc":{"start":{"line":81,"column":37},"end":{"line":81,"column":66}},"line":81},"7":{"name":"(anonymous_7)","decl":{"start":{"line":90,"column":42},"end":{"line":90,"column":43}},"loc":{"start":{"line":90,"column":48},"end":{"line":90,"column":52}},"line":90},"8":{"name":"(anonymous_8)","decl":{"start":{"line":91,"column":41},"end":{"line":91,"column":42}},"loc":{"start":{"line":91,"column":47},"end":{"line":91,"column":51}},"line":91},"9":{"name":"(anonymous_9)","decl":{"start":{"line":93,"column":32},"end":{"line":93,"column":33}},"loc":{"start":{"line":93,"column":57},"end":{"line":162,"column":13}},"line":93},"10":{"name":"(anonymous_10)","decl":{"start":{"line":170,"column":42},"end":{"line":170,"column":43}},"loc":{"start":{"line":170,"column":48},"end":{"line":170,"column":52}},"line":170},"11":{"name":"(anonymous_11)","decl":{"start":{"line":171,"column":41},"end":{"line":171,"column":42}},"loc":{"start":{"line":171,"column":47},"end":{"line":171,"column":51}},"line":171},"12":{"name":"(anonymous_12)","decl":{"start":{"line":173,"column":32},"end":{"line":173,"column":33}},"loc":{"start":{"line":173,"column":57},"end":{"line":223,"column":13}},"line":173},"13":{"name":"(anonymous_13)","decl":{"start":{"line":222,"column":29},"end":{"line":222,"column":30}},"loc":{"start":{"line":222,"column":38},"end":{"line":222,"column":94}},"line":222},"14":{"name":"(anonymous_14)","decl":{"start":{"line":231,"column":42},"end":{"line":231,"column":43}},"loc":{"start":{"line":231,"column":48},"end":{"line":231,"column":52}},"line":231},"15":{"name":"(anonymous_15)","decl":{"start":{"line":232,"column":41},"end":{"line":232,"column":42}},"loc":{"start":{"line":232,"column":47},"end":{"line":232,"column":51}},"line":232},"16":{"name":"(anonymous_16)","decl":{"start":{"line":234,"column":32},"end":{"line":234,"column":33}},"loc":{"start":{"line":234,"column":57},"end":{"line":284,"column":13}},"line":234},"17":{"name":"(anonymous_17)","decl":{"start":{"line":283,"column":29},"end":{"line":283,"column":30}},"loc":{"start":{"line":283,"column":38},"end":{"line":283,"column":94}},"line":283},"18":{"name":"(anonymous_18)","decl":{"start":{"line":292,"column":42},"end":{"line":292,"column":43}},"loc":{"start":{"line":292,"column":48},"end":{"line":292,"column":52}},"line":292},"19":{"name":"(anonymous_19)","decl":{"start":{"line":293,"column":41},"end":{"line":293,"column":42}},"loc":{"start":{"line":293,"column":47},"end":{"line":293,"column":51}},"line":293},"20":{"name":"(anonymous_20)","decl":{"start":{"line":295,"column":32},"end":{"line":295,"column":33}},"loc":{"start":{"line":295,"column":57},"end":{"line":335,"column":13}},"line":295},"21":{"name":"(anonymous_21)","decl":{"start":{"line":334,"column":28},"end":{"line":334,"column":29}},"loc":{"start":{"line":334,"column":37},"end":{"line":334,"column":84}},"line":334},"22":{"name":"(anonymous_22)","decl":{"start":{"line":344,"column":14},"end":{"line":344,"column":15}},"loc":{"start":{"line":344,"column":20},"end":{"line":351,"column":5}},"line":344}},"branchMap":{"0":{"loc":{"start":{"line":37,"column":4},"end":{"line":37,"column":16}},"type":"default-arg","locations":[{"start":{"line":37,"column":12},"end":{"line":37,"column":16}}],"line":37},"1":{"loc":{"start":{"line":59,"column":8},"end":{"line":62,"column":9}},"type":"if","locations":[{"start":{"line":59,"column":8},"end":{"line":62,"column":9}},{"start":{},"end":{}}],"line":59},"2":{"loc":{"start":{"line":72,"column":16},"end":{"line":72,"column":51}},"type":"if","locations":[{"start":{"line":72,"column":16},"end":{"line":72,"column":51}},{"start":{},"end":{}}],"line":72},"3":{"loc":{"start":{"line":94,"column":16},"end":{"line":94,"column":51}},"type":"if","locations":[{"start":{"line":94,"column":16},"end":{"line":94,"column":51}},{"start":{},"end":{}}],"line":94},"4":{"loc":{"start":{"line":109,"column":16},"end":{"line":159,"column":17}},"type":"if","locations":[{"start":{"line":109,"column":16},"end":{"line":159,"column":17}},{"start":{},"end":{}}],"line":109},"5":{"loc":{"start":{"line":112,"column":20},"end":{"line":151,"column":21}},"type":"if","locations":[{"start":{"line":112,"column":20},"end":{"line":151,"column":21}},{"start":{"line":132,"column":27},"end":{"line":151,"column":21}}],"line":112},"6":{"loc":{"start":{"line":115,"column":25},"end":{"line":121,"column":26}},"type":"if","locations":[{"start":{"line":115,"column":25},"end":{"line":121,"column":26}},{"start":{"line":119,"column":32},"end":{"line":121,"column":26}}],"line":115},"7":{"loc":{"start":{"line":123,"column":25},"end":{"line":130,"column":26}},"type":"if","locations":[{"start":{"line":123,"column":25},"end":{"line":130,"column":26}},{"start":{"line":128,"column":32},"end":{"line":130,"column":26}}],"line":123},"8":{"loc":{"start":{"line":135,"column":25},"end":{"line":141,"column":26}},"type":"if","locations":[{"start":{"line":135,"column":25},"end":{"line":141,"column":26}},{"start":{"line":139,"column":32},"end":{"line":141,"column":26}}],"line":135},"9":{"loc":{"start":{"line":143,"column":25},"end":{"line":150,"column":26}},"type":"if","locations":[{"start":{"line":143,"column":25},"end":{"line":150,"column":26}},{"start":{"line":148,"column":32},"end":{"line":150,"column":26}}],"line":143},"10":{"loc":{"start":{"line":174,"column":16},"end":{"line":174,"column":51}},"type":"if","locations":[{"start":{"line":174,"column":16},"end":{"line":174,"column":51}},{"start":{},"end":{}}],"line":174},"11":{"loc":{"start":{"line":186,"column":16},"end":{"line":220,"column":17}},"type":"if","locations":[{"start":{"line":186,"column":16},"end":{"line":220,"column":17}},{"start":{},"end":{}}],"line":186},"12":{"loc":{"start":{"line":188,"column":20},"end":{"line":216,"column":21}},"type":"if","locations":[{"start":{"line":188,"column":20},"end":{"line":216,"column":21}},{"start":{"line":202,"column":27},"end":{"line":216,"column":21}}],"line":188},"13":{"loc":{"start":{"line":190,"column":24},"end":{"line":196,"column":25}},"type":"if","locations":[{"start":{"line":190,"column":24},"end":{"line":196,"column":25}},{"start":{"line":194,"column":31},"end":{"line":196,"column":25}}],"line":190},"14":{"loc":{"start":{"line":197,"column":24},"end":{"line":201,"column":25}},"type":"if","locations":[{"start":{"line":197,"column":24},"end":{"line":201,"column":25}},{"start":{},"end":{}}],"line":197},"15":{"loc":{"start":{"line":205,"column":25},"end":{"line":208,"column":26}},"type":"if","locations":[{"start":{"line":205,"column":25},"end":{"line":208,"column":26}},{"start":{},"end":{}}],"line":205},"16":{"loc":{"start":{"line":209,"column":25},"end":{"line":215,"column":26}},"type":"if","locations":[{"start":{"line":209,"column":25},"end":{"line":215,"column":26}},{"start":{"line":213,"column":32},"end":{"line":215,"column":26}}],"line":209},"17":{"loc":{"start":{"line":235,"column":16},"end":{"line":235,"column":51}},"type":"if","locations":[{"start":{"line":235,"column":16},"end":{"line":235,"column":51}},{"start":{},"end":{}}],"line":235},"18":{"loc":{"start":{"line":247,"column":17},"end":{"line":280,"column":18}},"type":"if","locations":[{"start":{"line":247,"column":17},"end":{"line":280,"column":18}},{"start":{},"end":{}}],"line":247},"19":{"loc":{"start":{"line":249,"column":21},"end":{"line":276,"column":21}},"type":"if","locations":[{"start":{"line":249,"column":21},"end":{"line":276,"column":21}},{"start":{"line":262,"column":27},"end":{"line":276,"column":21}}],"line":249},"20":{"loc":{"start":{"line":251,"column":24},"end":{"line":254,"column":25}},"type":"if","locations":[{"start":{"line":251,"column":24},"end":{"line":254,"column":25}},{"start":{},"end":{}}],"line":251},"21":{"loc":{"start":{"line":255,"column":24},"end":{"line":261,"column":25}},"type":"if","locations":[{"start":{"line":255,"column":24},"end":{"line":261,"column":25}},{"start":{"line":259,"column":31},"end":{"line":261,"column":25}}],"line":255},"22":{"loc":{"start":{"line":264,"column":24},"end":{"line":270,"column":25}},"type":"if","locations":[{"start":{"line":264,"column":24},"end":{"line":270,"column":25}},{"start":{"line":268,"column":31},"end":{"line":270,"column":25}}],"line":264},"23":{"loc":{"start":{"line":271,"column":25},"end":{"line":275,"column":25}},"type":"if","locations":[{"start":{"line":271,"column":25},"end":{"line":275,"column":25}},{"start":{},"end":{}}],"line":271},"24":{"loc":{"start":{"line":296,"column":16},"end":{"line":296,"column":51}},"type":"if","locations":[{"start":{"line":296,"column":16},"end":{"line":296,"column":51}},{"start":{},"end":{}}],"line":296},"25":{"loc":{"start":{"line":309,"column":16},"end":{"line":332,"column":17}},"type":"if","locations":[{"start":{"line":309,"column":16},"end":{"line":332,"column":17}},{"start":{},"end":{}}],"line":309},"26":{"loc":{"start":{"line":312,"column":20},"end":{"line":328,"column":21}},"type":"if","locations":[{"start":{"line":312,"column":20},"end":{"line":328,"column":21}},{"start":{"line":320,"column":27},"end":{"line":328,"column":21}}],"line":312},"27":{"loc":{"start":{"line":315,"column":25},"end":{"line":318,"column":26}},"type":"if","locations":[{"start":{"line":315,"column":25},"end":{"line":318,"column":26}},{"start":{},"end":{}}],"line":315},"28":{"loc":{"start":{"line":323,"column":25},"end":{"line":326,"column":26}},"type":"if","locations":[{"start":{"line":323,"column":25},"end":{"line":326,"column":26}},{"start":{},"end":{}}],"line":323}},"s":{"0":0,"1":0,"2":0,"3":0,"4":0,"5":0,"6":0,"7":0,"8":0,"9":0,"10":0,"11":0,"12":0,"13":0,"14":0,"15":0,"16":0,"17":0,"18":0,"19":0,"20":0,"21":0,"22":0,"23":0,"24":0,"25":0,"26":0,"27":0,"28":0,"29":0,"30":0,"31":0,"32":0,"33":0,"34":0,"35":0,"36":0,"37":0,"38":0,"39":0,"40":0,"41":0,"42":0,"43":0,"44":0,"45":0,"46":0,"47":0,"48":0,"49":0,"50":0,"51":0,"52":0,"53":0,"54":0,"55":0,"56":0,"57":0,"58":0,"59":0,"60":0,"61":0,"62":0,"63":0,"64":0,"65":0,"66":0,"67":0,"68":0,"69":0,"70":0,"71":0,"72":0,"73":0,"74":0,"75":0,"76":0,"77":0,"78":0,"79":0,"80":0,"81":0,"82":0,"83":0,"84":0,"85":0,"86":0,"87":0,"88":0,"89":0,"90":0,"91":0,"92":0,"93":0,"94":0,"95":0,"96":0,"97":0,"98":0,"99":0,"100":0,"101":0,"102":0,"103":0,"104":0,"105":0,"106":0,"107":0,"108":0,"109":0,"110":0,"111":0,"112":0,"113":0,"114":0,"115":0,"116":0,"117":0,"118":0,"119":0,"120":0,"121":0,"122":0,"123":0,"124":0,"125":0,"126":0,"127":0,"128":0,"129":0,"130":0,"131":0,"132":0,"133":0,"134":0,"135":0,"136":0,"137":0,"138":0,"139":0,"140":0,"141":0,"142":0,"143":0,"144":0,"145":0,"146":0,"147":0,"148":0,"149":0,"150":0,"151":0,"152":0,"153":0,"154":0,"155":0,"156":0,"157":0,"158":0,"159":0,"160":0,"161":0,"162":0,"163":0,"164":0,"165":0,"166":0,"167":0,"168":0,"169":0,"170":0,"171":0,"172":0,"173":0},"f":{"0":0,"1":0,"2":0,"3":0,"4":0,"5":0,"6":0,"7":0,"8":0,"9":0,"10":0,"11":0,"12":0,"13":0,"14":0,"15":0,"16":0,"17":0,"18":0,"19":0,"20":0,"21":0,"22":0},"b":{"0":[0],"1":[0,0],"2":[0,0],"3":[0,0],"4":[0,0],"5":[0,0],"6":[0,0],"7":[0,0],"8":[0,0],"9":[0,0],"10":[0,0],"11":[0,0],"12":[0,0],"13":[0,0],"14":[0,0],"15":[0,0],"16":[0,0],"17":[0,0],"18":[0,0],"19":[0,0],"20":[0,0],"21":[0,0],"22":[0,0],"23":[0,0],"24":[0,0],"25":[0,0],"26":[0,0],"27":[0,0],"28":[0,0]}}
,"C:\\Users\\Gabor_LAPTOP\\Desktop\\Mentes\\Kovacs_Gabor_Szakdolgozat\\IdCard-app\\app\\screens\\CameraScreen.tsx": {"path":"C:\\Users\\Gabor_LAPTOP\\Desktop\\Mentes\\Kovacs_Gabor_Szakdolgozat\\IdCard-app\\app\\screens\\CameraScreen.tsx","statementMap":{"0":{"start":{"line":19,"column":21},"end":{"line":196,"column":1}},"1":{"start":{"line":20,"column":23},"end":{"line":20,"column":38}},"2":{"start":{"line":21,"column":18},"end":{"line":21,"column":28}},"3":{"start":{"line":22,"column":44},"end":{"line":22,"column":73}},"4":{"start":{"line":23,"column":36},"end":{"line":23,"column":60}},"5":{"start":{"line":24,"column":56},"end":{"line":24,"column":80}},"6":{"start":{"line":25,"column":19},"end":{"line":25,"column":52}},"7":{"start":{"line":26,"column":25},"end":{"line":26,"column":63}},"8":{"start":{"line":29,"column":4},"end":{"line":39,"column":25}},"9":{"start":{"line":30,"column":8},"end":{"line":38,"column":9}},"10":{"start":{"line":31,"column":10},"end":{"line":31,"column":80}},"11":{"start":{"line":32,"column":10},"end":{"line":32,"column":49}},"12":{"start":{"line":33,"column":10},"end":{"line":33,"column":38}},"13":{"start":{"line":36,"column":10},"end":{"line":36,"column":68}},"14":{"start":{"line":37,"column":10},"end":{"line":37,"column":34}},"15":{"start":{"line":41,"column":4},"end":{"line":46,"column":43}},"16":{"start":{"line":43,"column":8},"end":{"line":45,"column":9}},"17":{"start":{"line":44,"column":10},"end":{"line":44,"column":36}},"18":{"start":{"line":49,"column":24},"end":{"line":113,"column":7}},"19":{"start":{"line":50,"column":8},"end":{"line":112,"column":9}},"20":{"start":{"line":51,"column":10},"end":{"line":51,"column":69}},"21":{"start":{"line":54,"column":24},"end":{"line":54,"column":59}},"22":{"start":{"line":55,"column":10},"end":{"line":59,"column":11}},"23":{"start":{"line":56,"column":12},"end":{"line":56,"column":55}},"24":{"start":{"line":57,"column":12},"end":{"line":57,"column":32}},"25":{"start":{"line":58,"column":12},"end":{"line":58,"column":19}},"26":{"start":{"line":62,"column":27},"end":{"line":62,"column":41}},"27":{"start":{"line":65,"column":28},"end":{"line":69,"column":11}},"28":{"start":{"line":71,"column":10},"end":{"line":71,"column":47}},"29":{"start":{"line":74,"column":27},"end":{"line":83,"column":11}},"30":{"start":{"line":86,"column":10},"end":{"line":106,"column":11}},"31":{"start":{"line":87,"column":12},"end":{"line":87,"column":51}},"32":{"start":{"line":90,"column":12},"end":{"line":90,"column":71}},"33":{"start":{"line":92,"column":12},"end":{"line":97,"column":13}},"34":{"start":{"line":93,"column":14},"end":{"line":94,"column":80}},"35":{"start":{"line":96,"column":14},"end":{"line":96,"column":89}},"36":{"start":{"line":100,"column":12},"end":{"line":102,"column":20}},"37":{"start":{"line":101,"column":14},"end":{"line":101,"column":48}},"38":{"start":{"line":104,"column":12},"end":{"line":104,"column":69}},"39":{"start":{"line":105,"column":12},"end":{"line":105,"column":32}},"40":{"start":{"line":108,"column":10},"end":{"line":108,"column":52}},"41":{"start":{"line":109,"column":10},"end":{"line":109,"column":81}},"42":{"start":{"line":110,"column":10},"end":{"line":110,"column":94}},"43":{"start":{"line":111,"column":10},"end":{"line":111,"column":30}},"44":{"start":{"line":115,"column":34},"end":{"line":156,"column":5}},"45":{"start":{"line":116,"column":8},"end":{"line":155,"column":9}},"46":{"start":{"line":117,"column":12},"end":{"line":117,"column":30}},"47":{"start":{"line":118,"column":12},"end":{"line":118,"column":41}},"48":{"start":{"line":120,"column":33},"end":{"line":125,"column":14}},"49":{"start":{"line":127,"column":12},"end":{"line":149,"column":13}},"50":{"start":{"line":128,"column":16},"end":{"line":128,"column":60}},"51":{"start":{"line":129,"column":16},"end":{"line":129,"column":82}},"52":{"start":{"line":132,"column":16},"end":{"line":132,"column":44}},"53":{"start":{"line":134,"column":16},"end":{"line":144,"column":17}},"54":{"start":{"line":136,"column":39},"end":{"line":136,"column":83}},"55":{"start":{"line":137,"column":20},"end":{"line":140,"column":21}},"56":{"start":{"line":138,"column":24},"end":{"line":138,"column":90}},"57":{"start":{"line":139,"column":24},"end":{"line":139,"column":62}},"58":{"start":{"line":142,"column":20},"end":{"line":142,"column":71}},"59":{"start":{"line":147,"column":16},"end":{"line":147,"column":35}},"60":{"start":{"line":148,"column":16},"end":{"line":148,"column":36}},"61":{"start":{"line":151,"column":12},"end":{"line":151,"column":58}},"62":{"start":{"line":152,"column":12},"end":{"line":152,"column":89}},"63":{"start":{"line":153,"column":12},"end":{"line":153,"column":31}},"64":{"start":{"line":154,"column":12},"end":{"line":154,"column":32}},"65":{"start":{"line":159,"column":4},"end":{"line":166,"column":5}},"66":{"start":{"line":160,"column":8},"end":{"line":165,"column":10}},"67":{"start":{"line":169,"column":4},"end":{"line":176,"column":5}},"68":{"start":{"line":170,"column":8},"end":{"line":175,"column":10}},"69":{"start":{"line":179,"column":4},"end":{"line":195,"column":6}},"70":{"start":{"line":198,"column":15},"end":{"line":228,"column":2}}},"fnMap":{"0":{"name":"(anonymous_0)","decl":{"start":{"line":19,"column":21},"end":{"line":19,"column":22}},"loc":{"start":{"line":19,"column":27},"end":{"line":196,"column":1}},"line":19},"1":{"name":"(anonymous_1)","decl":{"start":{"line":29,"column":14},"end":{"line":29,"column":15}},"loc":{"start":{"line":29,"column":20},"end":{"line":39,"column":7}},"line":29},"2":{"name":"(anonymous_2)","decl":{"start":{"line":41,"column":14},"end":{"line":41,"column":15}},"loc":{"start":{"line":41,"column":20},"end":{"line":46,"column":5}},"line":41},"3":{"name":"(anonymous_3)","decl":{"start":{"line":49,"column":24},"end":{"line":49,"column":25}},"loc":{"start":{"line":49,"column":44},"end":{"line":113,"column":7}},"line":49},"4":{"name":"(anonymous_4)","decl":{"start":{"line":100,"column":23},"end":{"line":100,"column":24}},"loc":{"start":{"line":100,"column":29},"end":{"line":102,"column":13}},"line":100},"5":{"name":"(anonymous_5)","decl":{"start":{"line":115,"column":34},"end":{"line":115,"column":35}},"loc":{"start":{"line":115,"column":46},"end":{"line":156,"column":5}},"line":115}},"branchMap":{"0":{"loc":{"start":{"line":26,"column":25},"end":{"line":26,"column":63}},"type":"binary-expr","locations":[{"start":{"line":26,"column":25},"end":{"line":26,"column":51}},{"start":{"line":26,"column":55},"end":{"line":26,"column":63}}],"line":26},"1":{"loc":{"start":{"line":30,"column":8},"end":{"line":38,"column":9}},"type":"if","locations":[{"start":{"line":30,"column":8},"end":{"line":38,"column":9}},{"start":{"line":34,"column":15},"end":{"line":38,"column":9}}],"line":30},"2":{"loc":{"start":{"line":30,"column":12},"end":{"line":30,"column":49}},"type":"binary-expr","locations":[{"start":{"line":30,"column":12},"end":{"line":30,"column":24}},{"start":{"line":30,"column":28},"end":{"line":30,"column":49}}],"line":30},"3":{"loc":{"start":{"line":43,"column":8},"end":{"line":45,"column":9}},"type":"if","locations":[{"start":{"line":43,"column":8},"end":{"line":45,"column":9}},{"start":{},"end":{}}],"line":43},"4":{"loc":{"start":{"line":43,"column":12},"end":{"line":43,"column":46}},"type":"binary-expr","locations":[{"start":{"line":43,"column":12},"end":{"line":43,"column":24}},{"start":{"line":43,"column":28},"end":{"line":43,"column":46}}],"line":43},"5":{"loc":{"start":{"line":55,"column":10},"end":{"line":59,"column":11}},"type":"if","locations":[{"start":{"line":55,"column":10},"end":{"line":59,"column":11}},{"start":{},"end":{}}],"line":55},"6":{"loc":{"start":{"line":86,"column":10},"end":{"line":106,"column":11}},"type":"if","locations":[{"start":{"line":86,"column":10},"end":{"line":106,"column":11}},{"start":{"line":103,"column":17},"end":{"line":106,"column":11}}],"line":86},"7":{"loc":{"start":{"line":92,"column":12},"end":{"line":97,"column":13}},"type":"if","locations":[{"start":{"line":92,"column":12},"end":{"line":97,"column":13}},{"start":{},"end":{}}],"line":92},"8":{"loc":{"start":{"line":92,"column":16},"end":{"line":92,"column":82}},"type":"binary-expr","locations":[{"start":{"line":92,"column":16},"end":{"line":92,"column":29}},{"start":{"line":92,"column":33},"end":{"line":92,"column":54}},{"start":{"line":92,"column":58},"end":{"line":92,"column":82}}],"line":92},"9":{"loc":{"start":{"line":94,"column":31},"end":{"line":94,"column":77}},"type":"binary-expr","locations":[{"start":{"line":94,"column":31},"end":{"line":94,"column":71}},{"start":{"line":94,"column":75},"end":{"line":94,"column":77}}],"line":94},"10":{"loc":{"start":{"line":109,"column":42},"end":{"line":109,"column":79}},"type":"binary-expr","locations":[{"start":{"line":109,"column":42},"end":{"line":109,"column":62}},{"start":{"line":109,"column":66},"end":{"line":109,"column":79}}],"line":109},"11":{"loc":{"start":{"line":127,"column":12},"end":{"line":149,"column":13}},"type":"if","locations":[{"start":{"line":127,"column":12},"end":{"line":149,"column":13}},{"start":{"line":145,"column":19},"end":{"line":149,"column":13}}],"line":127},"12":{"loc":{"start":{"line":127,"column":16},"end":{"line":127,"column":95}},"type":"binary-expr","locations":[{"start":{"line":127,"column":16},"end":{"line":127,"column":38}},{"start":{"line":127,"column":42},"end":{"line":127,"column":61}},{"start":{"line":127,"column":65},"end":{"line":127,"column":95}}],"line":127},"13":{"loc":{"start":{"line":137,"column":20},"end":{"line":140,"column":21}},"type":"if","locations":[{"start":{"line":137,"column":20},"end":{"line":140,"column":21}},{"start":{},"end":{}}],"line":137},"14":{"loc":{"start":{"line":159,"column":4},"end":{"line":166,"column":5}},"type":"if","locations":[{"start":{"line":159,"column":4},"end":{"line":166,"column":5}},{"start":{},"end":{}}],"line":159},"15":{"loc":{"start":{"line":169,"column":4},"end":{"line":176,"column":5}},"type":"if","locations":[{"start":{"line":169,"column":4},"end":{"line":176,"column":5}},{"start":{},"end":{}}],"line":169}},"s":{"0":0,"1":0,"2":0,"3":0,"4":0,"5":0,"6":0,"7":0,"8":0,"9":0,"10":0,"11":0,"12":0,"13":0,"14":0,"15":0,"16":0,"17":0,"18":0,"19":0,"20":0,"21":0,"22":0,"23":0,"24":0,"25":0,"26":0,"27":0,"28":0,"29":0,"30":0,"31":0,"32":0,"33":0,"34":0,"35":0,"36":0,"37":0,"38":0,"39":0,"40":0,"41":0,"42":0,"43":0,"44":0,"45":0,"46":0,"47":0,"48":0,"49":0,"50":0,"51":0,"52":0,"53":0,"54":0,"55":0,"56":0,"57":0,"58":0,"59":0,"60":0,"61":0,"62":0,"63":0,"64":0,"65":0,"66":0,"67":0,"68":0,"69":0,"70":0},"f":{"0":0,"1":0,"2":0,"3":0,"4":0,"5":0},"b":{"0":[0,0],"1":[0,0],"2":[0,0],"3":[0,0],"4":[0,0],"5":[0,0],"6":[0,0],"7":[0,0],"8":[0,0,0],"9":[0,0],"10":[0,0],"11":[0,0],"12":[0,0,0],"13":[0,0],"14":[0,0],"15":[0,0]}}
,"C:\\Users\\Gabor_LAPTOP\\Desktop\\Mentes\\Kovacs_Gabor_Szakdolgozat\\IdCard-app\\app\\screens\\EditScreen.tsx": {"path":"C:\\Users\\Gabor_LAPTOP\\Desktop\\Mentes\\Kovacs_Gabor_Szakdolgozat\\IdCard-app\\app\\screens\\EditScreen.tsx","statementMap":{"0":{"start":{"line":24,"column":26},"end":{"line":259,"column":1}},"1":{"start":{"line":25,"column":28},"end":{"line":25,"column":40}},"2":{"start":{"line":26,"column":36},"end":{"line":26,"column":48}},"3":{"start":{"line":27,"column":34},"end":{"line":27,"column":46}},"4":{"start":{"line":28,"column":32},"end":{"line":28,"column":47}},"5":{"start":{"line":29,"column":50},"end":{"line":29,"column":65}},"6":{"start":{"line":30,"column":54},"end":{"line":30,"column":69}},"7":{"start":{"line":31,"column":17},"end":{"line":31,"column":50}},"8":{"start":{"line":33,"column":2},"end":{"line":74,"column":9}},"9":{"start":{"line":34,"column":25},"end":{"line":62,"column":5}},"10":{"start":{"line":35,"column":6},"end":{"line":35,"column":23}},"11":{"start":{"line":36,"column":6},"end":{"line":61,"column":7}},"12":{"start":{"line":37,"column":22},"end":{"line":37,"column":57}},"13":{"start":{"line":39,"column":8},"end":{"line":43,"column":9}},"14":{"start":{"line":40,"column":10},"end":{"line":40,"column":53}},"15":{"start":{"line":41,"column":10},"end":{"line":41,"column":28}},"16":{"start":{"line":42,"column":10},"end":{"line":42,"column":17}},"17":{"start":{"line":45,"column":25},"end":{"line":49,"column":10}},"18":{"start":{"line":51,"column":8},"end":{"line":55,"column":9}},"19":{"start":{"line":52,"column":10},"end":{"line":52,"column":46}},"20":{"start":{"line":53,"column":10},"end":{"line":53,"column":54}},"21":{"start":{"line":54,"column":10},"end":{"line":54,"column":52}},"22":{"start":{"line":57,"column":8},"end":{"line":57,"column":56}},"23":{"start":{"line":58,"column":8},"end":{"line":58,"column":72}},"24":{"start":{"line":60,"column":8},"end":{"line":60,"column":26}},"25":{"start":{"line":64,"column":27},"end":{"line":70,"column":5}},"26":{"start":{"line":65,"column":24},"end":{"line":65,"column":52}},"27":{"start":{"line":66,"column":22},"end":{"line":66,"column":48}},"28":{"start":{"line":68,"column":6},"end":{"line":68,"column":39}},"29":{"start":{"line":69,"column":6},"end":{"line":69,"column":35}},"30":{"start":{"line":72,"column":4},"end":{"line":72,"column":19}},"31":{"start":{"line":73,"column":4},"end":{"line":73,"column":21}},"32":{"start":{"line":76,"column":30},"end":{"line":118,"column":3}},"33":{"start":{"line":77,"column":4},"end":{"line":80,"column":5}},"34":{"start":{"line":78,"column":6},"end":{"line":78,"column":58}},"35":{"start":{"line":79,"column":6},"end":{"line":79,"column":13}},"36":{"start":{"line":82,"column":4},"end":{"line":82,"column":21}},"37":{"start":{"line":84,"column":4},"end":{"line":117,"column":5}},"38":{"start":{"line":85,"column":20},"end":{"line":85,"column":55}},"39":{"start":{"line":87,"column":6},"end":{"line":91,"column":7}},"40":{"start":{"line":88,"column":8},"end":{"line":88,"column":51}},"41":{"start":{"line":89,"column":8},"end":{"line":89,"column":26}},"42":{"start":{"line":90,"column":8},"end":{"line":90,"column":15}},"43":{"start":{"line":93,"column":23},"end":{"line":105,"column":7}},"44":{"start":{"line":107,"column":6},"end":{"line":111,"column":7}},"45":{"start":{"line":108,"column":8},"end":{"line":108,"column":68}},"46":{"start":{"line":110,"column":8},"end":{"line":110,"column":98}},"47":{"start":{"line":113,"column":6},"end":{"line":113,"column":52}},"48":{"start":{"line":114,"column":6},"end":{"line":114,"column":71}},"49":{"start":{"line":116,"column":6},"end":{"line":116,"column":24}},"50":{"start":{"line":120,"column":23},"end":{"line":150,"column":3}},"51":{"start":{"line":121,"column":4},"end":{"line":149,"column":5}},"52":{"start":{"line":123,"column":6},"end":{"line":145,"column":8}},"53":{"start":{"line":135,"column":14},"end":{"line":135,"column":53}},"54":{"start":{"line":138,"column":14},"end":{"line":138,"column":38}},"55":{"start":{"line":141,"column":14},"end":{"line":141,"column":51}},"56":{"start":{"line":147,"column":6},"end":{"line":147,"column":51}},"57":{"start":{"line":148,"column":6},"end":{"line":148,"column":56}},"58":{"start":{"line":153,"column":26},"end":{"line":176,"column":3}},"59":{"start":{"line":154,"column":4},"end":{"line":175,"column":5}},"60":{"start":{"line":155,"column":6},"end":{"line":171,"column":7}},"61":{"start":{"line":157,"column":8},"end":{"line":157,"column":38}},"62":{"start":{"line":158,"column":8},"end":{"line":158,"column":35}},"63":{"start":{"line":159,"column":8},"end":{"line":159,"column":74}},"64":{"start":{"line":162,"column":26},"end":{"line":162,"column":54}},"65":{"start":{"line":163,"column":8},"end":{"line":166,"column":9}},"66":{"start":{"line":164,"column":10},"end":{"line":164,"column":86}},"67":{"start":{"line":165,"column":10},"end":{"line":165,"column":17}},"68":{"start":{"line":168,"column":8},"end":{"line":168,"column":42}},"69":{"start":{"line":169,"column":8},"end":{"line":169,"column":34}},"70":{"start":{"line":170,"column":8},"end":{"line":170,"column":74}},"71":{"start":{"line":173,"column":6},"end":{"line":173,"column":54}},"72":{"start":{"line":174,"column":6},"end":{"line":174,"column":81}},"73":{"start":{"line":178,"column":2},"end":{"line":185,"column":3}},"74":{"start":{"line":179,"column":4},"end":{"line":184,"column":6}},"75":{"start":{"line":187,"column":2},"end":{"line":258,"column":4}},"76":{"start":{"line":261,"column":15},"end":{"line":356,"column":2}}},"fnMap":{"0":{"name":"(anonymous_0)","decl":{"start":{"line":24,"column":26},"end":{"line":24,"column":27}},"loc":{"start":{"line":24,"column":32},"end":{"line":259,"column":1}},"line":24},"1":{"name":"(anonymous_1)","decl":{"start":{"line":33,"column":12},"end":{"line":33,"column":13}},"loc":{"start":{"line":33,"column":18},"end":{"line":74,"column":3}},"line":33},"2":{"name":"(anonymous_2)","decl":{"start":{"line":34,"column":25},"end":{"line":34,"column":26}},"loc":{"start":{"line":34,"column":37},"end":{"line":62,"column":5}},"line":34},"3":{"name":"(anonymous_3)","decl":{"start":{"line":64,"column":27},"end":{"line":64,"column":28}},"loc":{"start":{"line":64,"column":39},"end":{"line":70,"column":5}},"line":64},"4":{"name":"(anonymous_4)","decl":{"start":{"line":76,"column":30},"end":{"line":76,"column":31}},"loc":{"start":{"line":76,"column":42},"end":{"line":118,"column":3}},"line":76},"5":{"name":"(anonymous_5)","decl":{"start":{"line":120,"column":23},"end":{"line":120,"column":24}},"loc":{"start":{"line":120,"column":35},"end":{"line":150,"column":3}},"line":120},"6":{"name":"(anonymous_6)","decl":{"start":{"line":133,"column":21},"end":{"line":133,"column":22}},"loc":{"start":{"line":133,"column":33},"end":{"line":142,"column":13}},"line":133},"7":{"name":"(anonymous_7)","decl":{"start":{"line":153,"column":26},"end":{"line":153,"column":27}},"loc":{"start":{"line":153,"column":38},"end":{"line":176,"column":3}},"line":153}},"branchMap":{"0":{"loc":{"start":{"line":39,"column":8},"end":{"line":43,"column":9}},"type":"if","locations":[{"start":{"line":39,"column":8},"end":{"line":43,"column":9}},{"start":{},"end":{}}],"line":39},"1":{"loc":{"start":{"line":51,"column":8},"end":{"line":55,"column":9}},"type":"if","locations":[{"start":{"line":51,"column":8},"end":{"line":55,"column":9}},{"start":{},"end":{}}],"line":51},"2":{"loc":{"start":{"line":51,"column":12},"end":{"line":51,"column":52}},"type":"binary-expr","locations":[{"start":{"line":51,"column":12},"end":{"line":51,"column":35}},{"start":{"line":51,"column":39},"end":{"line":51,"column":52}}],"line":51},"3":{"loc":{"start":{"line":52,"column":19},"end":{"line":52,"column":44}},"type":"binary-expr","locations":[{"start":{"line":52,"column":19},"end":{"line":52,"column":38}},{"start":{"line":52,"column":42},"end":{"line":52,"column":44}}],"line":52},"4":{"loc":{"start":{"line":53,"column":23},"end":{"line":53,"column":52}},"type":"binary-expr","locations":[{"start":{"line":53,"column":23},"end":{"line":53,"column":46}},{"start":{"line":53,"column":50},"end":{"line":53,"column":52}}],"line":53},"5":{"loc":{"start":{"line":54,"column":22},"end":{"line":54,"column":50}},"type":"binary-expr","locations":[{"start":{"line":54,"column":22},"end":{"line":54,"column":44}},{"start":{"line":54,"column":48},"end":{"line":54,"column":50}}],"line":54},"6":{"loc":{"start":{"line":77,"column":4},"end":{"line":80,"column":5}},"type":"if","locations":[{"start":{"line":77,"column":4},"end":{"line":80,"column":5}},{"start":{},"end":{}}],"line":77},"7":{"loc":{"start":{"line":77,"column":8},"end":{"line":77,"column":41}},"type":"binary-expr","locations":[{"start":{"line":77,"column":8},"end":{"line":77,"column":14}},{"start":{"line":77,"column":18},"end":{"line":77,"column":28}},{"start":{"line":77,"column":32},"end":{"line":77,"column":41}}],"line":77},"8":{"loc":{"start":{"line":87,"column":6},"end":{"line":91,"column":7}},"type":"if","locations":[{"start":{"line":87,"column":6},"end":{"line":91,"column":7}},{"start":{},"end":{}}],"line":87},"9":{"loc":{"start":{"line":107,"column":6},"end":{"line":111,"column":7}},"type":"if","locations":[{"start":{"line":107,"column":6},"end":{"line":111,"column":7}},{"start":{"line":109,"column":13},"end":{"line":111,"column":7}}],"line":107},"10":{"loc":{"start":{"line":110,"column":28},"end":{"line":110,"column":96}},"type":"binary-expr","locations":[{"start":{"line":110,"column":28},"end":{"line":110,"column":49}},{"start":{"line":110,"column":53},"end":{"line":110,"column":96}}],"line":110},"11":{"loc":{"start":{"line":155,"column":6},"end":{"line":171,"column":7}},"type":"if","locations":[{"start":{"line":155,"column":6},"end":{"line":171,"column":7}},{"start":{"line":160,"column":13},"end":{"line":171,"column":7}}],"line":155},"12":{"loc":{"start":{"line":163,"column":8},"end":{"line":166,"column":9}},"type":"if","locations":[{"start":{"line":163,"column":8},"end":{"line":166,"column":9}},{"start":{},"end":{}}],"line":163},"13":{"loc":{"start":{"line":178,"column":2},"end":{"line":185,"column":3}},"type":"if","locations":[{"start":{"line":178,"column":2},"end":{"line":185,"column":3}},{"start":{},"end":{}}],"line":178},"14":{"loc":{"start":{"line":218,"column":9},"end":{"line":237,"column":9}},"type":"binary-expr","locations":[{"start":{"line":218,"column":9},"end":{"line":218,"column":27}},{"start":{"line":219,"column":10},"end":{"line":236,"column":13}}],"line":218},"15":{"loc":{"start":{"line":222,"column":46},"end":{"line":222,"column":115}},"type":"cond-expr","locations":[{"start":{"line":222,"column":65},"end":{"line":222,"column":88}},{"start":{"line":222,"column":91},"end":{"line":222,"column":115}}],"line":222},"16":{"loc":{"start":{"line":227,"column":17},"end":{"line":227,"column":119}},"type":"cond-expr","locations":[{"start":{"line":227,"column":36},"end":{"line":227,"column":76}},{"start":{"line":227,"column":79},"end":{"line":227,"column":119}}],"line":227},"17":{"loc":{"start":{"line":232,"column":15},"end":{"line":234,"column":97}},"type":"cond-expr","locations":[{"start":{"line":233,"column":18},"end":{"line":233,"column":120}},{"start":{"line":234,"column":18},"end":{"line":234,"column":97}}],"line":232}},"s":{"0":0,"1":0,"2":0,"3":0,"4":0,"5":0,"6":0,"7":0,"8":0,"9":0,"10":0,"11":0,"12":0,"13":0,"14":0,"15":0,"16":0,"17":0,"18":0,"19":0,"20":0,"21":0,"22":0,"23":0,"24":0,"25":0,"26":0,"27":0,"28":0,"29":0,"30":0,"31":0,"32":0,"33":0,"34":0,"35":0,"36":0,"37":0,"38":0,"39":0,"40":0,"41":0,"42":0,"43":0,"44":0,"45":0,"46":0,"47":0,"48":0,"49":0,"50":0,"51":0,"52":0,"53":0,"54":0,"55":0,"56":0,"57":0,"58":0,"59":0,"60":0,"61":0,"62":0,"63":0,"64":0,"65":0,"66":0,"67":0,"68":0,"69":0,"70":0,"71":0,"72":0,"73":0,"74":0,"75":0,"76":0},"f":{"0":0,"1":0,"2":0,"3":0,"4":0,"5":0,"6":0,"7":0},"b":{"0":[0,0],"1":[0,0],"2":[0,0],"3":[0,0],"4":[0,0],"5":[0,0],"6":[0,0],"7":[0,0,0],"8":[0,0],"9":[0,0],"10":[0,0],"11":[0,0],"12":[0,0],"13":[0,0],"14":[0,0],"15":[0,0],"16":[0,0],"17":[0,0]}}
,"C:\\Users\\Gabor_LAPTOP\\Desktop\\Mentes\\Kovacs_Gabor_Szakdolgozat\\IdCard-app\\app\\screens\\ForgotPasswordScreen.tsx": {"path":"C:\\Users\\Gabor_LAPTOP\\Desktop\\Mentes\\Kovacs_Gabor_Szakdolgozat\\IdCard-app\\app\\screens\\ForgotPasswordScreen.tsx","statementMap":{"0":{"start":{"line":16,"column":29},"end":{"line":112,"column":1}},"1":{"start":{"line":17,"column":28},"end":{"line":17,"column":40}},"2":{"start":{"line":18,"column":32},"end":{"line":18,"column":47}},"3":{"start":{"line":20,"column":17},"end":{"line":20,"column":50}},"4":{"start":{"line":22,"column":31},"end":{"line":70,"column":3}},"5":{"start":{"line":23,"column":4},"end":{"line":26,"column":5}},"6":{"start":{"line":24,"column":6},"end":{"line":24,"column":61}},"7":{"start":{"line":25,"column":6},"end":{"line":25,"column":13}},"8":{"start":{"line":28,"column":4},"end":{"line":28,"column":21}},"9":{"start":{"line":30,"column":4},"end":{"line":69,"column":5}},"10":{"start":{"line":31,"column":23},"end":{"line":31,"column":88}},"11":{"start":{"line":33,"column":6},"end":{"line":57,"column":7}},"12":{"start":{"line":34,"column":8},"end":{"line":56,"column":10}},"13":{"start":{"line":43,"column":14},"end":{"line":43,"column":67}},"14":{"start":{"line":59,"column":6},"end":{"line":59,"column":53}},"15":{"start":{"line":61,"column":25},"end":{"line":61,"column":53}},"16":{"start":{"line":62,"column":6},"end":{"line":64,"column":7}},"17":{"start":{"line":63,"column":8},"end":{"line":63,"column":51}},"18":{"start":{"line":66,"column":6},"end":{"line":66,"column":40}},"19":{"start":{"line":68,"column":6},"end":{"line":68,"column":24}},"20":{"start":{"line":72,"column":2},"end":{"line":111,"column":4}},"21":{"start":{"line":104,"column":23},"end":{"line":104,"column":42}},"22":{"start":{"line":114,"column":15},"end":{"line":173,"column":2}}},"fnMap":{"0":{"name":"(anonymous_0)","decl":{"start":{"line":16,"column":29},"end":{"line":16,"column":30}},"loc":{"start":{"line":16,"column":49},"end":{"line":112,"column":1}},"line":16},"1":{"name":"(anonymous_1)","decl":{"start":{"line":22,"column":31},"end":{"line":22,"column":32}},"loc":{"start":{"line":22,"column":43},"end":{"line":70,"column":3}},"line":22},"2":{"name":"(anonymous_2)","decl":{"start":{"line":39,"column":21},"end":{"line":39,"column":22}},"loc":{"start":{"line":39,"column":27},"end":{"line":54,"column":13}},"line":39},"3":{"name":"(anonymous_3)","decl":{"start":{"line":104,"column":17},"end":{"line":104,"column":18}},"loc":{"start":{"line":104,"column":23},"end":{"line":104,"column":42}},"line":104}},"branchMap":{"0":{"loc":{"start":{"line":23,"column":4},"end":{"line":26,"column":5}},"type":"if","locations":[{"start":{"line":23,"column":4},"end":{"line":26,"column":5}},{"start":{},"end":{}}],"line":23},"1":{"loc":{"start":{"line":33,"column":6},"end":{"line":57,"column":7}},"type":"if","locations":[{"start":{"line":33,"column":6},"end":{"line":57,"column":7}},{"start":{},"end":{}}],"line":33},"2":{"loc":{"start":{"line":62,"column":6},"end":{"line":64,"column":7}},"type":"if","locations":[{"start":{"line":62,"column":6},"end":{"line":64,"column":7}},{"start":{},"end":{}}],"line":62},"3":{"loc":{"start":{"line":62,"column":10},"end":{"line":62,"column":78}},"type":"binary-expr","locations":[{"start":{"line":62,"column":10},"end":{"line":62,"column":24}},{"start":{"line":62,"column":28},"end":{"line":62,"column":47}},{"start":{"line":62,"column":51},"end":{"line":62,"column":78}}],"line":62},"4":{"loc":{"start":{"line":89,"column":7},"end":{"line":100,"column":7}},"type":"cond-expr","locations":[{"start":{"line":90,"column":8},"end":{"line":90,"column":80}},{"start":{"line":92,"column":8},"end":{"line":99,"column":27}}],"line":89}},"s":{"0":0,"1":0,"2":0,"3":0,"4":0,"5":0,"6":0,"7":0,"8":0,"9":0,"10":0,"11":0,"12":0,"13":0,"14":0,"15":0,"16":0,"17":0,"18":0,"19":0,"20":0,"21":0,"22":0},"f":{"0":0,"1":0,"2":0,"3":0},"b":{"0":[0,0],"1":[0,0],"2":[0,0],"3":[0,0,0],"4":[0,0]}}
,"C:\\Users\\Gabor_LAPTOP\\Desktop\\Mentes\\Kovacs_Gabor_Szakdolgozat\\IdCard-app\\app\\screens\\IdCardDetailsScreen.tsx": {"path":"C:\\Users\\Gabor_LAPTOP\\Desktop\\Mentes\\Kovacs_Gabor_Szakdolgozat\\IdCard-app\\app\\screens\\IdCardDetailsScreen.tsx","statementMap":{"0":{"start":{"line":35,"column":28},"end":{"line":383,"column":1}},"1":{"start":{"line":36,"column":21},"end":{"line":36,"column":36}},"2":{"start":{"line":37,"column":38},"end":{"line":37,"column":71}},"3":{"start":{"line":38,"column":36},"end":{"line":38,"column":59}},"4":{"start":{"line":39,"column":28},"end":{"line":39,"column":57}},"5":{"start":{"line":40,"column":60},"end":{"line":40,"column":89}},"6":{"start":{"line":41,"column":17},"end":{"line":41,"column":50}},"7":{"start":{"line":44,"column":2},"end":{"line":65,"column":4}},"8":{"start":{"line":46,"column":30},"end":{"line":53,"column":7}},"9":{"start":{"line":47,"column":27},"end":{"line":47,"column":73}},"10":{"start":{"line":48,"column":8},"end":{"line":52,"column":9}},"11":{"start":{"line":50,"column":10},"end":{"line":50,"column":60}},"12":{"start":{"line":56,"column":40},"end":{"line":59,"column":7}},"13":{"start":{"line":57,"column":30},"end":{"line":57,"column":87}},"14":{"start":{"line":58,"column":8},"end":{"line":58,"column":48}},"15":{"start":{"line":61,"column":6},"end":{"line":61,"column":24}},"16":{"start":{"line":62,"column":6},"end":{"line":62,"column":34}},"17":{"start":{"line":63,"column":6},"end":{"line":63,"column":24}},"18":{"start":{"line":69,"column":0},"end":{"line":126,"column":19}},"19":{"start":{"line":70,"column":4},"end":{"line":125,"column":5}},"20":{"start":{"line":71,"column":6},"end":{"line":124,"column":7}},"21":{"start":{"line":72,"column":8},"end":{"line":72,"column":79}},"22":{"start":{"line":73,"column":27},"end":{"line":73,"column":62}},"23":{"start":{"line":76,"column":8},"end":{"line":79,"column":9}},"24":{"start":{"line":77,"column":10},"end":{"line":77,"column":82}},"25":{"start":{"line":78,"column":10},"end":{"line":78,"column":17}},"26":{"start":{"line":82,"column":8},"end":{"line":120,"column":11}},"27":{"start":{"line":83,"column":10},"end":{"line":119,"column":11}},"28":{"start":{"line":84,"column":12},"end":{"line":84,"column":74}},"29":{"start":{"line":86,"column":12},"end":{"line":86,"column":79}},"30":{"start":{"line":88,"column":12},"end":{"line":94,"column":17}},"31":{"start":{"line":90,"column":16},"end":{"line":93,"column":19}},"32":{"start":{"line":91,"column":18},"end":{"line":91,"column":69}},"33":{"start":{"line":92,"column":18},"end":{"line":92,"column":49}},"34":{"start":{"line":96,"column":12},"end":{"line":96,"column":71}},"35":{"start":{"line":97,"column":12},"end":{"line":97,"column":52}},"36":{"start":{"line":102,"column":38},"end":{"line":102,"column":61}},"37":{"start":{"line":103,"column":39},"end":{"line":103,"column":59}},"38":{"start":{"line":104,"column":12},"end":{"line":104,"column":75}},"39":{"start":{"line":107,"column":12},"end":{"line":118,"column":13}},"40":{"start":{"line":108,"column":14},"end":{"line":108,"column":91}},"41":{"start":{"line":109,"column":14},"end":{"line":109,"column":81}},"42":{"start":{"line":111,"column":14},"end":{"line":117,"column":19}},"43":{"start":{"line":113,"column":18},"end":{"line":116,"column":21}},"44":{"start":{"line":114,"column":20},"end":{"line":114,"column":70}},"45":{"start":{"line":115,"column":20},"end":{"line":115,"column":51}},"46":{"start":{"line":123,"column":8},"end":{"line":123,"column":68}},"47":{"start":{"line":128,"column":26},"end":{"line":162,"column":3}},"48":{"start":{"line":129,"column":4},"end":{"line":129,"column":23}},"49":{"start":{"line":130,"column":4},"end":{"line":130,"column":19}},"50":{"start":{"line":132,"column":4},"end":{"line":161,"column":5}},"51":{"start":{"line":133,"column":20},"end":{"line":133,"column":55}},"52":{"start":{"line":135,"column":6},"end":{"line":139,"column":7}},"53":{"start":{"line":136,"column":8},"end":{"line":136,"column":56}},"54":{"start":{"line":137,"column":8},"end":{"line":137,"column":28}},"55":{"start":{"line":138,"column":8},"end":{"line":138,"column":15}},"56":{"start":{"line":141,"column":23},"end":{"line":145,"column":8}},"57":{"start":{"line":147,"column":6},"end":{"line":151,"column":7}},"58":{"start":{"line":148,"column":8},"end":{"line":148,"column":37}},"59":{"start":{"line":150,"column":8},"end":{"line":150,"column":53}},"60":{"start":{"line":153,"column":6},"end":{"line":153,"column":56}},"61":{"start":{"line":154,"column":6},"end":{"line":158,"column":7}},"62":{"start":{"line":155,"column":8},"end":{"line":155,"column":66}},"63":{"start":{"line":157,"column":8},"end":{"line":157,"column":86}},"64":{"start":{"line":160,"column":6},"end":{"line":160,"column":26}},"65":{"start":{"line":165,"column":21},"end":{"line":170,"column":3}},"66":{"start":{"line":166,"column":4},"end":{"line":166,"column":31}},"67":{"start":{"line":166,"column":21},"end":{"line":166,"column":31}},"68":{"start":{"line":168,"column":17},"end":{"line":168,"column":37}},"69":{"start":{"line":169,"column":4},"end":{"line":169,"column":129}},"70":{"start":{"line":174,"column":30},"end":{"line":206,"column":3}},"71":{"start":{"line":175,"column":4},"end":{"line":175,"column":34}},"72":{"start":{"line":175,"column":21},"end":{"line":175,"column":34}},"73":{"start":{"line":177,"column":4},"end":{"line":205,"column":5}},"74":{"start":{"line":178,"column":25},"end":{"line":178,"column":45}},"75":{"start":{"line":179,"column":6},"end":{"line":182,"column":7}},"76":{"start":{"line":180,"column":8},"end":{"line":180,"column":56}},"77":{"start":{"line":181,"column":8},"end":{"line":181,"column":21}},"78":{"start":{"line":184,"column":18},"end":{"line":184,"column":28}},"79":{"start":{"line":187,"column":28},"end":{"line":187,"column":41}},"80":{"start":{"line":188,"column":6},"end":{"line":188,"column":49}},"81":{"start":{"line":190,"column":25},"end":{"line":190,"column":45}},"82":{"start":{"line":191,"column":6},"end":{"line":191,"column":53}},"83":{"start":{"line":193,"column":6},"end":{"line":193,"column":32}},"84":{"start":{"line":194,"column":6},"end":{"line":194,"column":49}},"85":{"start":{"line":195,"column":6},"end":{"line":195,"column":80}},"86":{"start":{"line":197,"column":31},"end":{"line":197,"column":68}},"87":{"start":{"line":198,"column":6},"end":{"line":198,"column":64}},"88":{"start":{"line":200,"column":6},"end":{"line":200,"column":30}},"89":{"start":{"line":203,"column":6},"end":{"line":203,"column":59}},"90":{"start":{"line":204,"column":6},"end":{"line":204,"column":19}},"91":{"start":{"line":209,"column":27},"end":{"line":211,"column":3}},"92":{"start":{"line":210,"column":4},"end":{"line":210,"column":34}},"93":{"start":{"line":214,"column":2},"end":{"line":221,"column":3}},"94":{"start":{"line":215,"column":4},"end":{"line":220,"column":6}},"95":{"start":{"line":224,"column":2},"end":{"line":239,"column":3}},"96":{"start":{"line":225,"column":4},"end":{"line":238,"column":6}},"97":{"start":{"line":242,"column":2},"end":{"line":252,"column":3}},"98":{"start":{"line":243,"column":4},"end":{"line":251,"column":6}},"99":{"start":{"line":255,"column":2},"end":{"line":382,"column":4}},"100":{"start":{"line":385,"column":15},"end":{"line":545,"column":2}}},"fnMap":{"0":{"name":"(anonymous_0)","decl":{"start":{"line":35,"column":28},"end":{"line":35,"column":29}},"loc":{"start":{"line":35,"column":34},"end":{"line":383,"column":1}},"line":35},"1":{"name":"(anonymous_1)","decl":{"start":{"line":45,"column":16},"end":{"line":45,"column":17}},"loc":{"start":{"line":45,"column":22},"end":{"line":64,"column":5}},"line":45},"2":{"name":"(anonymous_2)","decl":{"start":{"line":46,"column":30},"end":{"line":46,"column":31}},"loc":{"start":{"line":46,"column":42},"end":{"line":53,"column":7}},"line":46},"3":{"name":"(anonymous_3)","decl":{"start":{"line":56,"column":40},"end":{"line":56,"column":41}},"loc":{"start":{"line":56,"column":52},"end":{"line":59,"column":7}},"line":56},"4":{"name":"(anonymous_4)","decl":{"start":{"line":69,"column":10},"end":{"line":69,"column":11}},"loc":{"start":{"line":69,"column":16},"end":{"line":126,"column":3}},"line":69},"5":{"name":"(anonymous_5)","decl":{"start":{"line":82,"column":65},"end":{"line":82,"column":66}},"loc":{"start":{"line":82,"column":82},"end":{"line":120,"column":9}},"line":82},"6":{"name":"(anonymous_6)","decl":{"start":{"line":89,"column":20},"end":{"line":89,"column":21}},"loc":{"start":{"line":89,"column":26},"end":{"line":94,"column":15}},"line":89},"7":{"name":"(anonymous_7)","decl":{"start":{"line":90,"column":73},"end":{"line":90,"column":74}},"loc":{"start":{"line":90,"column":81},"end":{"line":93,"column":17}},"line":90},"8":{"name":"(anonymous_8)","decl":{"start":{"line":112,"column":22},"end":{"line":112,"column":23}},"loc":{"start":{"line":112,"column":28},"end":{"line":117,"column":17}},"line":112},"9":{"name":"(anonymous_9)","decl":{"start":{"line":113,"column":75},"end":{"line":113,"column":76}},"loc":{"start":{"line":113,"column":83},"end":{"line":116,"column":19}},"line":113},"10":{"name":"(anonymous_10)","decl":{"start":{"line":128,"column":26},"end":{"line":128,"column":27}},"loc":{"start":{"line":128,"column":38},"end":{"line":162,"column":3}},"line":128},"11":{"name":"(anonymous_11)","decl":{"start":{"line":165,"column":21},"end":{"line":165,"column":22}},"loc":{"start":{"line":165,"column":45},"end":{"line":170,"column":3}},"line":165},"12":{"name":"(anonymous_12)","decl":{"start":{"line":174,"column":30},"end":{"line":174,"column":31}},"loc":{"start":{"line":174,"column":63},"end":{"line":206,"column":3}},"line":174},"13":{"name":"(anonymous_13)","decl":{"start":{"line":209,"column":27},"end":{"line":209,"column":28}},"loc":{"start":{"line":209,"column":33},"end":{"line":211,"column":3}},"line":209}},"branchMap":{"0":{"loc":{"start":{"line":48,"column":8},"end":{"line":52,"column":9}},"type":"if","locations":[{"start":{"line":48,"column":8},"end":{"line":52,"column":9}},{"start":{},"end":{}}],"line":48},"1":{"loc":{"start":{"line":70,"column":4},"end":{"line":125,"column":5}},"type":"if","locations":[{"start":{"line":70,"column":4},"end":{"line":125,"column":5}},{"start":{},"end":{}}],"line":70},"2":{"loc":{"start":{"line":70,"column":8},"end":{"line":70,"column":47}},"type":"binary-expr","locations":[{"start":{"line":70,"column":8},"end":{"line":70,"column":18}},{"start":{"line":70,"column":22},"end":{"line":70,"column":47}}],"line":70},"3":{"loc":{"start":{"line":76,"column":8},"end":{"line":79,"column":9}},"type":"if","locations":[{"start":{"line":76,"column":8},"end":{"line":79,"column":9}},{"start":{},"end":{}}],"line":76},"4":{"loc":{"start":{"line":83,"column":10},"end":{"line":119,"column":11}},"type":"if","locations":[{"start":{"line":83,"column":10},"end":{"line":119,"column":11}},{"start":{"line":95,"column":17},"end":{"line":119,"column":11}}],"line":83},"5":{"loc":{"start":{"line":107,"column":12},"end":{"line":118,"column":13}},"type":"if","locations":[{"start":{"line":107,"column":12},"end":{"line":118,"column":13}},{"start":{},"end":{}}],"line":107},"6":{"loc":{"start":{"line":135,"column":6},"end":{"line":139,"column":7}},"type":"if","locations":[{"start":{"line":135,"column":6},"end":{"line":139,"column":7}},{"start":{},"end":{}}],"line":135},"7":{"loc":{"start":{"line":147,"column":6},"end":{"line":151,"column":7}},"type":"if","locations":[{"start":{"line":147,"column":6},"end":{"line":151,"column":7}},{"start":{"line":149,"column":13},"end":{"line":151,"column":7}}],"line":147},"8":{"loc":{"start":{"line":147,"column":10},"end":{"line":147,"column":50}},"type":"binary-expr","locations":[{"start":{"line":147,"column":10},"end":{"line":147,"column":33}},{"start":{"line":147,"column":37},"end":{"line":147,"column":50}}],"line":147},"9":{"loc":{"start":{"line":154,"column":6},"end":{"line":158,"column":7}},"type":"if","locations":[{"start":{"line":154,"column":6},"end":{"line":158,"column":7}},{"start":{"line":156,"column":13},"end":{"line":158,"column":7}}],"line":154},"10":{"loc":{"start":{"line":154,"column":10},"end":{"line":154,"column":53}},"type":"binary-expr","locations":[{"start":{"line":154,"column":10},"end":{"line":154,"column":22}},{"start":{"line":154,"column":26},"end":{"line":154,"column":53}}],"line":154},"11":{"loc":{"start":{"line":157,"column":17},"end":{"line":157,"column":84}},"type":"binary-expr","locations":[{"start":{"line":157,"column":17},"end":{"line":157,"column":44}},{"start":{"line":157,"column":48},"end":{"line":157,"column":84}}],"line":157},"12":{"loc":{"start":{"line":166,"column":4},"end":{"line":166,"column":31}},"type":"if","locations":[{"start":{"line":166,"column":4},"end":{"line":166,"column":31}},{"start":{},"end":{}}],"line":166},"13":{"loc":{"start":{"line":175,"column":4},"end":{"line":175,"column":34}},"type":"if","locations":[{"start":{"line":175,"column":4},"end":{"line":175,"column":34}},{"start":{},"end":{}}],"line":175},"14":{"loc":{"start":{"line":179,"column":6},"end":{"line":182,"column":7}},"type":"if","locations":[{"start":{"line":179,"column":6},"end":{"line":182,"column":7}},{"start":{},"end":{}}],"line":179},"15":{"loc":{"start":{"line":197,"column":31},"end":{"line":197,"column":68}},"type":"binary-expr","locations":[{"start":{"line":197,"column":31},"end":{"line":197,"column":47}},{"start":{"line":197,"column":51},"end":{"line":197,"column":68}}],"line":197},"16":{"loc":{"start":{"line":214,"column":2},"end":{"line":221,"column":3}},"type":"if","locations":[{"start":{"line":214,"column":2},"end":{"line":221,"column":3}},{"start":{},"end":{}}],"line":214},"17":{"loc":{"start":{"line":224,"column":2},"end":{"line":239,"column":3}},"type":"if","locations":[{"start":{"line":224,"column":2},"end":{"line":239,"column":3}},{"start":{},"end":{}}],"line":224},"18":{"loc":{"start":{"line":232,"column":9},"end":{"line":236,"column":9}},"type":"binary-expr","locations":[{"s
[...]
5,"column":6}},"27":{"start":{"line":68,"column":4},"end":{"line":73,"column":5}},"28":{"start":{"line":69,"column":20},"end":{"line":69,"column":67}},"29":{"start":{"line":70,"column":6},"end":{"line":72,"column":7}},"30":{"start":{"line":71,"column":8},"end":{"line":71,"column":40}},"31":{"start":{"line":75,"column":4},"end":{"line":75,"column":30}},"32":{"start":{"line":77,"column":4},"end":{"line":77,"column":60}},"33":{"start":{"line":78,"column":4},"end":{"line":78,"column":30}},"34":{"start":{"line":84,"column":2},"end":{"line":95,"column":3}},"35":{"start":{"line":85,"column":19},"end":{"line":85,"column":52}},"36":{"start":{"line":86,"column":21},"end":{"line":86,"column":86}},"37":{"start":{"line":88,"column":4},"end":{"line":90,"column":5}},"38":{"start":{"line":89,"column":6},"end":{"line":89,"column":33}},"39":{"start":{"line":91,"column":4},"end":{"line":91,"column":16}},"40":{"start":{"line":93,"column":4},"end":{"line":93,"column":55}},"41":{"start":{"line":94,"column":4},"end":{"line":94,"column":16}},"42":{"start":{"line":100,"column":2},"end":{"line":107,"column":3}},"43":{"start":{"line":101,"column":4},"end":{"line":101,"column":57}},"44":{"start":{"line":102,"column":4},"end":{"line":102,"column":55}},"45":{"start":{"line":103,"column":4},"end":{"line":103,"column":16}},"46":{"start":{"line":105,"column":4},"end":{"line":105,"column":53}},"47":{"start":{"line":106,"column":4},"end":{"line":106,"column":17}}},"fnMap":{"0":{"name":"isBiometricAvailable","decl":{"start":{"line":11,"column":22},"end":{"line":11,"column":42}},"loc":{"start":{"line":11,"column":63},"end":{"line":17,"column":1}},"line":11},"1":{"name":"enableBiometricLogin","decl":{"start":{"line":20,"column":22},"end":{"line":20,"column":42}},"loc":{"start":{"line":20,"column":76},"end":{"line":35,"column":1}},"line":20},"2":{"name":"isBiometricEnabled","decl":{"start":{"line":38,"column":22},"end":{"line":38,"column":40}},"loc":{"start":{"line":38,"column":61},"end":{"line":46,"column":1}},"line":38},"3":{"name":"authenticateWithBiometrics","decl":{"start":{"line":49,"column":22},"end":{"line":49,"column":48}},"loc":{"start":{"line":49,"column":98},"end":{"line":80,"column":1}},"line":49},"4":{"name":"loginWithBiometrics","decl":{"start":{"line":83,"column":22},"end":{"line":83,"column":41}},"loc":{"start":{"line":83,"column":81},"end":{"line":96,"column":1}},"line":83},"5":{"name":"disableBiometricLogin","decl":{"start":{"line":99,"column":22},"end":{"line":99,"column":43}},"loc":{"start":{"line":99,"column":64},"end":{"line":108,"column":1}},"line":99}},"branchMap":{"0":{"loc":{"start":{"line":13,"column":2},"end":{"line":13,"column":32}},"type":"if","locations":[{"start":{"line":13,"column":2},"end":{"line":13,"column":32}},{"start":{},"end":{}}],"line":13},"1":{"loc":{"start":{"line":24,"column":4},"end":{"line":24,"column":33}},"type":"if","locations":[{"start":{"line":24,"column":4},"end":{"line":24,"column":33}},{"start":{},"end":{}}],"line":24},"2":{"loc":{"start":{"line":55,"column":4},"end":{"line":57,"column":5}},"type":"if","locations":[{"start":{"line":55,"column":4},"end":{"line":57,"column":5}},{"start":{},"end":{}}],"line":55},"3":{"loc":{"start":{"line":55,"column":8},"end":{"line":55,"column":30}},"type":"binary-expr","locations":[{"start":{"line":55,"column":8},"end":{"line":55,"column":16}},{"start":{"line":55,"column":20},"end":{"line":55,"column":30}}],"line":55},"4":{"loc":{"start":{"line":68,"column":4},"end":{"line":73,"column":5}},"type":"if","locations":[{"start":{"line":68,"column":4},"end":{"line":73,"column":5}},{"start":{},"end":{}}],"line":68},"5":{"loc":{"start":{"line":70,"column":6},"end":{"line":72,"column":7}},"type":"if","locations":[{"start":{"line":70,"column":6},"end":{"line":72,"column":7}},{"start":{},"end":{}}],"line":70},"6":{"loc":{"start":{"line":88,"column":4},"end":{"line":90,"column":5}},"type":"if","locations":[{"start":{"line":88,"column":4},"end":{"line":90,"column":5}},{"start":{},"end":{}}],"line":88}},"s":{"0":0,"1":0,"2":0,"3":0,"4":0,"5":0,"6":0,"7":0,"8":0,"9":0,"10":0,"11":0,"12":0,"13":0,"14":0,"15":0,"16":0,"17":0,"18":0,"19":0,"20":0,"21":0,"22":0,"23":0,"24":0,"25":0,"26":0,"27":0,"28":0,"29":0,"30":0,"31":0,"32":0,"33":0,"34":0,"35":0,"36":0,"37":0,"38":0,"39":0,"40":0,"41":0,"42":0,"43":0,"44":0,"45":0,"46":0,"47":0},"f":{"0":0,"1":0,"2":0,"3":0,"4":0,"5":0},"b":{"0":[0,0],"1":[0,0],"2":[0,0],"3":[0,0],"4":[0,0],"5":[0,0],"6":[0,0]}}
,"C:\\Users\\Gabor_LAPTOP\\Desktop\\Mentes\\Kovacs_Gabor_Szakdolgozat\\IdCard-app\\app\\utils\\notificationHelper.ts": {"path":"C:\\Users\\Gabor_LAPTOP\\Desktop\\Mentes\\Kovacs_Gabor_Szakdolgozat\\IdCard-app\\app\\utils\\notificationHelper.ts","statementMap":{"0":{"start":{"line":9,"column":0},"end":{"line":15,"column":3}},"1":{"start":{"line":10,"column":35},"end":{"line":14,"column":3}},"2":{"start":{"line":21,"column":2},"end":{"line":49,"column":3}},"3":{"start":{"line":22,"column":39},"end":{"line":22,"column":80}},"4":{"start":{"line":23,"column":22},"end":{"line":23,"column":36}},"5":{"start":{"line":25,"column":4},"end":{"line":28,"column":5}},"6":{"start":{"line":26,"column":25},"end":{"line":26,"column":70}},"7":{"start":{"line":27,"column":6},"end":{"line":27,"column":27}},"8":{"start":{"line":30,"column":4},"end":{"line":33,"column":5}},"9":{"start":{"line":31,"column":6},"end":{"line":31,"column":69}},"10":{"start":{"line":32,"column":6},"end":{"line":32,"column":13}},"11":{"start":{"line":36,"column":4},"end":{"line":38,"column":7}},"12":{"start":{"line":40,"column":4},"end":{"line":40,"column":51}},"13":{"start":{"line":43,"column":4},"end":{"line":43,"column":56}},"14":{"start":{"line":46,"column":4},"end":{"line":46,"column":46}},"15":{"start":{"line":48,"column":4},"end":{"line":48,"column":67}},"16":{"start":{"line":52,"column":2},"end":{"line":59,"column":3}},"17":{"start":{"line":53,"column":4},"end":{"line":58,"column":7}},"18":{"start":{"line":61,"column":2},"end":{"line":61,"column":15}},"19":{"start":{"line":66,"column":2},"end":{"line":85,"column":3}},"20":{"start":{"line":67,"column":22},"end":{"line":67,"column":57}},"21":{"start":{"line":68,"column":4},"end":{"line":71,"column":5}},"22":{"start":{"line":69,"column":6},"end":{"line":69,"column":72}},"23":{"start":{"line":70,"column":6},"end":{"line":70,"column":13}},"24":{"start":{"line":73,"column":19},"end":{"line":73,"column":52}},"25":{"start":{"line":74,"column":4},"end":{"line":80,"column":6}},"26":{"start":{"line":82,"column":4},"end":{"line":82,"column":66}},"27":{"start":{"line":84,"column":4},"end":{"line":84,"column":70}},"28":{"start":{"line":90,"column":2},"end":{"line":156,"column":3}},"29":{"start":{"line":92,"column":16},"end":{"line":92,"column":26}},"30":{"start":{"line":95,"column":23},"end":{"line":95,"column":43}},"31":{"start":{"line":96,"column":4},"end":{"line":96,"column":51}},"32":{"start":{"line":98,"column":4},"end":{"line":98,"column":47}},"33":{"start":{"line":99,"column":4},"end":{"line":99,"column":80}},"34":{"start":{"line":102,"column":4},"end":{"line":102,"column":75}},"35":{"start":{"line":106,"column":4},"end":{"line":152,"column":5}},"36":{"start":{"line":107,"column":6},"end":{"line":107,"column":71}},"37":{"start":{"line":110,"column":6},"end":{"line":118,"column":9}},"38":{"start":{"line":121,"column":6},"end":{"line":121,"column":83}},"39":{"start":{"line":122,"column":6},"end":{"line":122,"column":49}},"40":{"start":{"line":126,"column":9},"end":{"line":152,"column":5}},"41":{"start":{"line":127,"column":6},"end":{"line":127,"column":73}},"42":{"start":{"line":130,"column":22},"end":{"line":130,"column":79}},"43":{"start":{"line":131,"column":6},"end":{"line":131,"column":68}},"44":{"start":{"line":134,"column":6},"end":{"line":142,"column":9}},"45":{"start":{"line":145,"column":6},"end":{"line":145,"column":90}},"46":{"start":{"line":146,"column":6},"end":{"line":146,"column":73}},"47":{"start":{"line":149,"column":9},"end":{"line":152,"column":5}},"48":{"start":{"line":150,"column":6},"end":{"line":150,"column":71}},"49":{"start":{"line":151,"column":6},"end":{"line":151,"column":67}},"50":{"start":{"line":155,"column":4},"end":{"line":155,"column":59}},"51":{"start":{"line":161,"column":2},"end":{"line":168,"column":5}},"52":{"start":{"line":173,"column":2},"end":{"line":173,"column":61}},"53":{"start":{"line":174,"column":2},"end":{"line":174,"column":63}}},"fnMap":{"0":{"name":"(anonymous_0)","decl":{"start":{"line":10,"column":22},"end":{"line":10,"column":23}},"loc":{"start":{"line":10,"column":35},"end":{"line":14,"column":3}},"line":10},"1":{"name":"registerForPushNotificationsAsync","decl":{"start":{"line":18,"column":22},"end":{"line":18,"column":55}},"loc":{"start":{"line":18,"column":58},"end":{"line":62,"column":1}},"line":18},"2":{"name":"registerTokenWithServer","decl":{"start":{"line":65,"column":15},"end":{"line":65,"column":38}},"loc":{"start":{"line":65,"column":54},"end":{"line":86,"column":1}},"line":65},"3":{"name":"scheduleIdCardExpiryNotification","decl":{"start":{"line":89,"column":22},"end":{"line":89,"column":54}},"loc":{"start":{"line":89,"column":73},"end":{"line":157,"column":1}},"line":89},"4":{"name":"sendImmediateExpiryNotification","decl":{"start":{"line":160,"column":22},"end":{"line":160,"column":53}},"loc":{"start":{"line":160,"column":56},"end":{"line":169,"column":1}},"line":160},"5":{"name":"cancelAllScheduledNotifications","decl":{"start":{"line":172,"column":22},"end":{"line":172,"column":53}},"loc":{"start":{"line":172,"column":56},"end":{"line":175,"column":1}},"line":172}},"branchMap":{"0":{"loc":{"start":{"line":21,"column":2},"end":{"line":49,"column":3}},"type":"if","locations":[{"start":{"line":21,"column":2},"end":{"line":49,"column":3}},{"start":{"line":47,"column":9},"end":{"line":49,"column":3}}],"line":21},"1":{"loc":{"start":{"line":25,"column":4},"end":{"line":28,"column":5}},"type":"if","locations":[{"start":{"line":25,"column":4},"end":{"line":28,"column":5}},{"start":{},"end":{}}],"line":25},"2":{"loc":{"start":{"line":30,"column":4},"end":{"line":33,"column":5}},"type":"if","locations":[{"start":{"line":30,"column":4},"end":{"line":33,"column":5}},{"start":{},"end":{}}],"line":30},"3":{"loc":{"start":{"line":52,"column":2},"end":{"line":59,"column":3}},"type":"if","locations":[{"start":{"line":52,"column":2},"end":{"line":59,"column":3}},{"start":{},"end":{}}],"line":52},"4":{"loc":{"start":{"line":68,"column":4},"end":{"line":71,"column":5}},"type":"if","locations":[{"start":{"line":68,"column":4},"end":{"line":71,"column":5}},{"start":{},"end":{}}],"line":68},"5":{"loc":{"start":{"line":106,"column":4},"end":{"line":152,"column":5}},"type":"if","locations":[{"start":{"line":106,"column":4},"end":{"line":152,"column":5}},{"start":{"line":126,"column":9},"end":{"line":152,"column":5}}],"line":106},"6":{"loc":{"start":{"line":106,"column":8},"end":{"line":106,"column":45}},"type":"binary-expr","locations":[{"start":{"line":106,"column":8},"end":{"line":106,"column":25}},{"start":{"line":106,"column":29},"end":{"line":106,"column":45}}],"line":106},"7":{"loc":{"start":{"line":126,"column":9},"end":{"line":152,"column":5}},"type":"if","locations":[{"start":{"line":126,"column":9},"end":{"line":152,"column":5}},{"start":{"line":149,"column":9},"end":{"line":152,"column":5}}],"line":126},"8":{"loc":{"start":{"line":149,"column":9},"end":{"line":152,"column":5}},"type":"if","locations":[{"start":{"line":149,"column":9},"end":{"line":152,"column":5}},{"start":{},"end":{}}],"line":149}},"s":{"0":0,"1":0,"2":0,"3":0,"4":0,"5":0,"6":0,"7":0,"8":0,"9":0,"10":0,"11":0,"12":0,"13":0,"14":0,"15":0,"16":0,"17":0,"18":0,"19":0,"20":0,"21":0,"22":0,"23":0,"24":0,"25":0,"26":0,"27":0,"28":0,"29":0,"30":0,"31":0,"32":0,"33":0,"34":0,"35":0,"36":0,"37":0,"38":0,"39":0,"40":0,"41":0,"42":0,"43":0,"44":0,"45":0,"46":0,"47":0,"48":0,"49":0,"50":0,"51":0,"52":0,"53":0},"f":{"0":0,"1":0,"2":0,"3":0,"4":0,"5":0},"b":{"0":[0,0],"1":[0,0],"2":[0,0],"3":[0,0],"4":[0,0],"5":[0,0],"6":[0,0],"7":[0,0],"8":[0,0]}}
,"C:\\Users\\Gabor_LAPTOP\\Desktop\\Mentes\\Kovacs_Gabor_Szakdolgozat\\IdCard-app\\tests\\utils\\biometricHelper.ts": {"path":"C:\\Users\\Gabor_LAPTOP\\Desktop\\Mentes\\Kovacs_Gabor_Szakdolgozat\\IdCard-app\\tests\\utils\\biometricHelper.ts","statementMap":{"0":{"start":{"line":6,"column":0},"end":{"line":6,"column":55}},"1":{"start":{"line":7,"column":0},"end":{"line":7,"column":39}},"2":{"start":{"line":8,"column":0},"end":{"line":8,"column":19}},"3":{"start":{"line":10,"column":20},"end":{"line":10,"column":54}},"4":{"start":{"line":12,"column":0},"end":{"line":110,"column":3}},"5":{"start":{"line":13,"column":2},"end":{"line":15,"column":5}},"6":{"start":{"line":14,"column":4},"end":{"line":14,"column":25}},"7":{"start":{"line":17,"column":2},"end":{"line":40,"column":5}},"8":{"start":{"line":18,"column":4},"end":{"line":24,"column":7}},"9":{"start":{"line":19,"column":6},"end":{"line":19,"column":82}},"10":{"start":{"line":20,"column":6},"end":{"line":20,"column":81}},"11":{"start":{"line":22,"column":21},"end":{"line":22,"column":65}},"12":{"start":{"line":23,"column":6},"end":{"line":23,"column":32}},"13":{"start":{"line":26,"column":4},"end":{"line":31,"column":7}},"14":{"start":{"line":27,"column":6},"end":{"line":27,"column":83}},"15":{"start":{"line":29,"column":21},"end":{"line":29,"column":65}},"16":{"start":{"line":30,"column":6},"end":{"line":30,"column":33}},"17":{"start":{"line":33,"column":4},"end":{"line":39,"column":7}},"18":{"start":{"line":34,"column":6},"end":{"line":34,"column":82}},"19":{"start":{"line":35,"column":6},"end":{"line":35,"column":82}},"20":{"start":{"line":37,"column":21},"end":{"line":37,"column":65}},"21":{"start":{"line":38,"column":6},"end":{"line":38,"column":33}},"22":{"start":{"line":42,"column":2},"end":{"line":49,"column":5}},"23":{"start":{"line":43,"column":4},"end":{"line":48,"column":7}},"24":{"start":{"line":44,"column":6},"end":{"line":44,"column":69}},"25":{"start":{"line":46,"column":6},"end":{"line":46,"column":85}},"26":{"start":{"line":47,"column":6},"end":{"line":47,"column":95}},"27":{"start":{"line":51,"column":2},"end":{"line":65,"column":5}},"28":{"start":{"line":52,"column":4},"end":{"line":57,"column":7}},"29":{"start":{"line":53,"column":6},"end":{"line":53,"column":68}},"30":{"start":{"line":55,"column":21},"end":{"line":55,"column":63}},"31":{"start":{"line":56,"column":6},"end":{"line":56,"column":32}},"32":{"start":{"line":59,"column":4},"end":{"line":64,"column":7}},"33":{"start":{"line":60,"column":6},"end":{"line":60,"column":66}},"34":{"start":{"line":62,"column":21},"end":{"line":62,"column":63}},"35":{"start":{"line":63,"column":6},"end":{"line":63,"column":33}},"36":{"start":{"line":67,"column":2},"end":{"line":86,"column":5}},"37":{"start":{"line":68,"column":4},"end":{"line":76,"column":7}},"38":{"start":{"line":69,"column":6},"end":{"line":71,"column":9}},"39":{"start":{"line":72,"column":6},"end":{"line":72,"column":80}},"40":{"start":{"line":74,"column":21},"end":{"line":74,"column":71}},"41":{"start":{"line":75,"column":6},"end":{"line":75,"column":75}},"42":{"start":{"line":78,"column":4},"end":{"line":85,"column":7}},"43":{"start":{"line":79,"column":6},"end":{"line":81,"column":9}},"44":{"start":{"line":83,"column":21},"end":{"line":83,"column":71}},"45":{"start":{"line":84,"column":6},"end":{"line":84,"column":49}},"46":{"start":{"line":88,"column":2},"end":{"line":109,"column":5}},"47":{"start":{"line":89,"column":4},"end":{"line":101,"column":7}},"48":{"start":{"line":90,"column":6},"end":{"line":93,"column":9}},"49":{"start":{"line":95,"column":21},"end":{"line":95,"column":82}},"50":{"start":{"line":96,"column":6},"end":{"line":96,"column":40}},"51":{"start":{"line":97,"column":6},"end":{"line":100,"column":8}},"52":{"start":{"line":103,"column":4},"end":{"line":108,"column":7}},"53":{"start":{"line":104,"column":6},"end":{"line":104,"column":68}},"54":{"start":{"line":106,"column":21},"end":{"line":106,"column":82}},"55":{"start":{"line":107,"column":6},"end":{"line":107,"column":32}}},"fnMap":{"0":{"name":"(anonymous_0)","decl":{"start":{"line":12,"column":28},"end":{"line":12,"column":29}},"loc":{"start":{"line":12,"column":34},"end":{"line":110,"column":1}},"line":12},"1":{"name":"(anonymous_1)","decl":{"start":{"line":13,"column":13},"end":{"line":13,"column":14}},"loc":{"start":{"line":13,"column":19},"end":{"line":15,"column":3}},"line":13},"2":{"name":"(anonymous_2)","decl":{"start":{"line":17,"column":35},"end":{"line":17,"column":36}},"loc":{"start":{"line":17,"column":41},"end":{"line":40,"column":3}},"line":17},"3":{"name":"(anonymous_3)","decl":{"start":{"line":18,"column":73},"end":{"line":18,"column":74}},"loc":{"start":{"line":18,"column":85},"end":{"line":24,"column":5}},"line":18},"4":{"name":"(anonymous_4)","decl":{"start":{"line":26,"column":65},"end":{"line":26,"column":66}},"loc":{"start":{"line":26,"column":77},"end":{"line":31,"column":5}},"line":26},"5":{"name":"(anonymous_5)","decl":{"start":{"line":33,"column":55},"end":{"line":33,"column":56}},"loc":{"start":{"line":33,"column":67},"end":{"line":39,"column":5}},"line":33},"6":{"name":"(anonymous_6)","decl":{"start":{"line":42,"column":35},"end":{"line":42,"column":36}},"loc":{"start":{"line":42,"column":41},"end":{"line":49,"column":3}},"line":42},"7":{"name":"(anonymous_7)","decl":{"start":{"line":43,"column":51},"end":{"line":43,"column":52}},"loc":{"start":{"line":43,"column":63},"end":{"line":48,"column":5}},"line":43},"8":{"name":"(anonymous_8)","decl":{"start":{"line":51,"column":33},"end":{"line":51,"column":34}},"loc":{"start":{"line":51,"column":39},"end":{"line":65,"column":3}},"line":51},"9":{"name":"(anonymous_9)","decl":{"start":{"line":52,"column":55},"end":{"line":52,"column":56}},"loc":{"start":{"line":52,"column":67},"end":{"line":57,"column":5}},"line":52},"10":{"name":"(anonymous_10)","decl":{"start":{"line":59,"column":57},"end":{"line":59,"column":58}},"loc":{"start":{"line":59,"column":69},"end":{"line":64,"column":5}},"line":59},"11":{"name":"(anonymous_11)","decl":{"start":{"line":67,"column":41},"end":{"line":67,"column":42}},"loc":{"start":{"line":67,"column":47},"end":{"line":86,"column":3}},"line":67},"12":{"name":"(anonymous_12)","decl":{"start":{"line":68,"column":55},"end":{"line":68,"column":56}},"loc":{"start":{"line":68,"column":67},"end":{"line":76,"column":5}},"line":68},"13":{"name":"(anonymous_13)","decl":{"start":{"line":78,"column":52},"end":{"line":78,"column":53}},"loc":{"start":{"line":78,"column":64},"end":{"line":85,"column":5}},"line":78},"14":{"name":"(anonymous_14)","decl":{"start":{"line":88,"column":34},"end":{"line":88,"column":35}},"loc":{"start":{"line":88,"column":40},"end":{"line":109,"column":3}},"line":88},"15":{"name":"(anonymous_15)","decl":{"start":{"line":89,"column":47},"end":{"line":89,"column":48}},"loc":{"start":{"line":89,"column":59},"end":{"line":101,"column":5}},"line":89},"16":{"name":"(anonymous_16)","decl":{"start":{"line":103,"column":40},"end":{"line":103,"column":41}},"loc":{"start":{"line":103,"column":52},"end":{"line":108,"column":5}},"line":103}},"branchMap":{},"s":{"0":0,"1":0,"2":0,"3":0,"4":0,"5":0,"6":0,"7":0,"8":0,"9":0,"10":0,"11":0,"12":0,"13":0,"14":0,"15":0,"16":0,"17":0,"18":0,"19":0,"20":0,"21":0,"22":0,"23":0,"24":0,"25":0,"26":0,"27":0,"28":0,"29":0,"30":0,"31":0,"32":0,"33":0,"34":0,"35":0,"36":0,"37":0,"38":0,"39":0,"40":0,"41":0,"42":0,"43":0,"44":0,"45":0,"46":0,"47":0,"48":0,"49":0,"50":0,"51":0,"52":0,"53":0,"54":0,"55":0},"f":{"0":0,"1":0,"2":0,"3":0,"4":0,"5":0,"6":0,"7":0,"8":0,"9":0,"10":0,"11":0,"12":0,"13":0,"14":0,"15":0,"16":0},"b":{}}
,"C:\\Users\\Gabor_LAPTOP\\Desktop\\Mentes\\Kovacs_Gabor_Szakdolgozat\\IdCard-app\\types\\env.d.ts": {"path":"C:\\Users\\Gabor_LAPTOP\\Desktop\\Mentes\\Kovacs_Gabor_Szakdolgozat\\IdCard-app\\types\\env.d.ts","statementMap":{},"fnMap":{},"branchMap":{},"s":{},"f":{},"b":{}}
}
